2025-12-06 10:33:10,818 INFO CSE collector started
2025-12-06 10:33:10,818 INFO Fetching summary from https://www.cse.lk/api/marketSummery
2025-12-06 10:33:11,242 INFO Saved dict as single-row DataFrame
2025-12-06 10:33:11,244 INFO Saved to /home/km/Developments/Web/System SL/situational-awareness/backend/collectors/../data/cse/summary_20251206_050311.csv and /home/km/Developments/Web/System SL/situational-awareness/backend/collectors/../data/cse/summary_latest.json
2025-12-06 10:33:11,244 INFO Fetching status from https://www.cse.lk/api/marketStatus
2025-12-06 10:33:11,653 INFO Saved dict as single-row DataFrame
2025-12-06 10:33:11,654 INFO Saved to /home/km/Developments/Web/System SL/situational-awareness/backend/collectors/../data/cse/status_20251206_050311.csv and /home/km/Developments/Web/System SL/situational-awareness/backend/collectors/../data/cse/status_latest.json
2025-12-06 10:33:11,654 INFO Fetching prices from https://www.cse.lk/api/todaySharePrice
2025-12-06 10:33:12,096 INFO Fetched list with 10 rows
2025-12-06 10:33:12,097 INFO Saved to /home/km/Developments/Web/System SL/situational-awareness/backend/collectors/../data/cse/prices_20251206_050312.csv and /home/km/Developments/Web/System SL/situational-awareness/backend/collectors/../data/cse/prices_latest.json
2025-12-06 10:33:12,098 INFO Fetching gainers from https://www.cse.lk/api/topGainers
2025-12-06 10:33:12,691 INFO Fetched list with 10 rows
2025-12-06 10:33:12,692 INFO Saved to /home/km/Developments/Web/System SL/situational-awareness/backend/collectors/../data/cse/gainers_20251206_050312.csv and /home/km/Developments/Web/System SL/situational-awareness/backend/collectors/../data/cse/gainers_latest.json
2025-12-06 10:33:12,693 INFO Fetching losers from https://www.cse.lk/api/topLooses
2025-12-06 10:33:13,193 INFO Fetched list with 10 rows
2025-12-06 10:33:13,194 INFO Saved to /home/km/Developments/Web/System SL/situational-awareness/backend/collectors/../data/cse/losers_20251206_050313.csv and /home/km/Developments/Web/System SL/situational-awareness/backend/collectors/../data/cse/losers_latest.json
2025-12-06 10:33:13,195 INFO Fetching indices from https://www.cse.lk/api/marketIndices
2025-12-06 10:33:13,701 INFO Fetched list with 1 rows
2025-12-06 10:33:13,702 INFO Saved to /home/km/Developments/Web/System SL/situational-awareness/backend/collectors/../data/cse/indices_20251206_050313.csv and /home/km/Developments/Web/System SL/situational-awareness/backend/collectors/../data/cse/indices_latest.json
2025-12-06 10:33:13,703 INFO CSE collector finished
2025-12-06 10:38:35,568 INFO CSE collector started
2025-12-06 10:38:35,568 INFO Fetching summary from https://www.cse.lk/api/marketSummery
2025-12-06 10:38:35,576 WARNING Attempt 1 failed for https://www.cse.lk/api/marketSummery: HTTPSConnectionPool(host='www.cse.lk', port=443): Max retries exceeded with url: /api/marketSummery (Caused by NameResolutionError("<urllib3.connection.HTTPSConnection object at 0x7fdb4990c2f0>: Failed to resolve 'www.cse.lk' ([Errno -2] Name or service not known)"))
2025-12-06 10:39:28,381 WARNING Attempt 2 failed for https://www.cse.lk/api/marketSummery: HTTPSConnectionPool(host='www.cse.lk', port=443): Read timed out. (read timeout=10)
2025-12-06 10:39:35,911 INFO Saved dict as single-row DataFrame
2025-12-06 10:39:35,914 INFO Saved to /home/km/Developments/Web/System SL/situational-awareness/backend/collectors/../data/cse/summary_20251206_050935.csv and /home/km/Developments/Web/System SL/situational-awareness/backend/collectors/../data/cse/summary_latest.json
2025-12-06 10:39:35,915 INFO Fetching status from https://www.cse.lk/api/marketStatus
2025-12-06 10:39:37,192 INFO Saved dict as single-row DataFrame
2025-12-06 10:39:37,193 INFO Saved to /home/km/Developments/Web/System SL/situational-awareness/backend/collectors/../data/cse/status_20251206_050937.csv and /home/km/Developments/Web/System SL/situational-awareness/backend/collectors/../data/cse/status_latest.json
2025-12-06 10:39:37,193 INFO Fetching prices from https://www.cse.lk/api/todaySharePrice
2025-12-06 10:39:39,172 INFO Fetched list with 10 rows
2025-12-06 10:39:39,173 INFO Saved to /home/km/Developments/Web/System SL/situational-awareness/backend/collectors/../data/cse/prices_20251206_050939.csv and /home/km/Developments/Web/System SL/situational-awareness/backend/collectors/../data/cse/prices_latest.json
2025-12-06 10:39:39,173 INFO Fetching gainers from https://www.cse.lk/api/topGainers
2025-12-06 10:39:40,058 INFO Fetched list with 10 rows
2025-12-06 10:39:40,059 INFO Saved to /home/km/Developments/Web/System SL/situational-awareness/backend/collectors/../data/cse/gainers_20251206_050940.csv and /home/km/Developments/Web/System SL/situational-awareness/backend/collectors/../data/cse/gainers_latest.json
2025-12-06 10:39:40,059 INFO Fetching losers from https://www.cse.lk/api/topLooses
2025-12-06 10:39:40,774 INFO Fetched list with 10 rows
2025-12-06 10:39:40,774 INFO Saved to /home/km/Developments/Web/System SL/situational-awareness/backend/collectors/../data/cse/losers_20251206_050940.csv and /home/km/Developments/Web/System SL/situational-awareness/backend/collectors/../data/cse/losers_latest.json
2025-12-06 10:39:40,775 INFO Fetching indices from https://www.cse.lk/api/marketIndices
2025-12-06 10:39:41,891 INFO Fetched list with 1 rows
2025-12-06 10:39:41,892 INFO Saved to /home/km/Developments/Web/System SL/situational-awareness/backend/collectors/../data/cse/indices_20251206_050941.csv and /home/km/Developments/Web/System SL/situational-awareness/backend/collectors/../data/cse/indices_latest.json
2025-12-06 10:39:41,893 INFO CSE collector finished
2025-12-06 10:44:17,682 INFO CSE collector started
2025-12-06 10:44:17,682 INFO Fetching summary from https://www.cse.lk/api/marketSummery
2025-12-06 10:44:18,335 INFO Saved dict as single-row DataFrame
2025-12-06 10:44:18,337 INFO Saved to /home/km/Developments/Web/System SL/situational-awareness/backend/collectors/../data/cse/summary_20251206_051418.csv and /home/km/Developments/Web/System SL/situational-awareness/backend/collectors/../data/cse/summary_latest.json
2025-12-06 10:44:18,337 INFO Fetching status from https://www.cse.lk/api/marketStatus
2025-12-06 10:44:18,806 INFO Saved dict as single-row DataFrame
2025-12-06 10:44:18,807 INFO Saved to /home/km/Developments/Web/System SL/situational-awareness/backend/collectors/../data/cse/status_20251206_051418.csv and /home/km/Developments/Web/System SL/situational-awareness/backend/collectors/../data/cse/status_latest.json
2025-12-06 10:44:18,807 INFO Fetching prices from https://www.cse.lk/api/todaySharePrice
2025-12-06 10:44:19,455 INFO Fetched list with 10 rows
2025-12-06 10:44:19,456 INFO Saved to /home/km/Developments/Web/System SL/situational-awareness/backend/collectors/../data/cse/prices_20251206_051419.csv and /home/km/Developments/Web/System SL/situational-awareness/backend/collectors/../data/cse/prices_latest.json
2025-12-06 10:44:19,456 INFO Fetching gainers from https://www.cse.lk/api/topGainers
2025-12-06 10:44:19,984 INFO Fetched list with 10 rows
2025-12-06 10:44:19,985 INFO Saved to /home/km/Developments/Web/System SL/situational-awareness/backend/collectors/../data/cse/gainers_20251206_051419.csv and /home/km/Developments/Web/System SL/situational-awareness/backend/collectors/../data/cse/gainers_latest.json
2025-12-06 10:44:19,986 INFO Fetching losers from https://www.cse.lk/api/topLooses
2025-12-06 10:44:20,519 INFO Fetched list with 10 rows
2025-12-06 10:44:20,520 INFO Saved to /home/km/Developments/Web/System SL/situational-awareness/backend/collectors/../data/cse/losers_20251206_051420.csv and /home/km/Developments/Web/System SL/situational-awareness/backend/collectors/../data/cse/losers_latest.json
2025-12-06 10:44:20,521 INFO Fetching indices from https://www.cse.lk/api/marketIndices
2025-12-06 10:44:21,118 INFO Fetched list with 1 rows
2025-12-06 10:44:21,119 INFO Saved to /home/km/Developments/Web/System SL/situational-awareness/backend/collectors/../data/cse/indices_20251206_051421.csv and /home/km/Developments/Web/System SL/situational-awareness/backend/collectors/../data/cse/indices_latest.json
2025-12-06 10:44:21,120 INFO CSE collector finished
2025-12-06 10:49:23,332 INFO CSE collector started
2025-12-06 10:49:23,332 INFO Fetching summary from https://www.cse.lk/api/marketSummery
2025-12-06 10:49:24,377 INFO Saved dict as single-row DataFrame
2025-12-06 10:49:24,379 INFO Saved to /home/km/Developments/Web/System SL/situational-awareness/backend/collectors/../data/cse/summary_20251206_051924.csv and /home/km/Developments/Web/System SL/situational-awareness/backend/collectors/../data/cse/summary_latest.json
2025-12-06 10:49:24,379 INFO Fetching status from https://www.cse.lk/api/marketStatus
2025-12-06 10:49:24,969 INFO Saved dict as single-row DataFrame
2025-12-06 10:49:24,970 INFO Saved to /home/km/Developments/Web/System SL/situational-awareness/backend/collectors/../data/cse/status_20251206_051924.csv and /home/km/Developments/Web/System SL/situational-awareness/backend/collectors/../data/cse/status_latest.json
2025-12-06 10:49:24,971 INFO Fetching prices from https://www.cse.lk/api/todaySharePrice
2025-12-06 10:49:25,482 INFO Fetched list with 10 rows
2025-12-06 10:49:25,483 INFO Saved to /home/km/Developments/Web/System SL/situational-awareness/backend/collectors/../data/cse/prices_20251206_051925.csv and /home/km/Developments/Web/System SL/situational-awareness/backend/collectors/../data/cse/prices_latest.json
2025-12-06 10:49:25,483 INFO Fetching gainers from https://www.cse.lk/api/topGainers
2025-12-06 10:49:26,168 INFO Fetched list with 10 rows
2025-12-06 10:49:26,169 INFO Saved to /home/km/Developments/Web/System SL/situational-awareness/backend/collectors/../data/cse/gainers_20251206_051926.csv and /home/km/Developments/Web/System SL/situational-awareness/backend/collectors/../data/cse/gainers_latest.json
2025-12-06 10:49:26,169 INFO Fetching losers from https://www.cse.lk/api/topLooses
2025-12-06 10:49:26,711 INFO Fetched list with 10 rows
2025-12-06 10:49:26,712 INFO Saved to /home/km/Developments/Web/System SL/situational-awareness/backend/collectors/../data/cse/losers_20251206_051926.csv and /home/km/Developments/Web/System SL/situational-awareness/backend/collectors/../data/cse/losers_latest.json
2025-12-06 10:49:26,712 INFO Fetching indices from https://www.cse.lk/api/marketIndices
2025-12-06 10:49:27,268 INFO Fetched list with 1 rows
2025-12-06 10:49:27,270 INFO Saved to /home/km/Developments/Web/System SL/situational-awareness/backend/collectors/../data/cse/indices_20251206_051927.csv and /home/km/Developments/Web/System SL/situational-awareness/backend/collectors/../data/cse/indices_latest.json
2025-12-06 10:49:27,270 INFO CSE collector finished
2025-12-06 10:50:58,795 INFO CSE collector started
2025-12-06 10:50:58,795 INFO Fetching summary from https://www.cse.lk/api/marketSummery
2025-12-06 10:51:00,395 INFO Saved dict as single-row DataFrame
2025-12-06 10:51:00,397 INFO Saved to /home/km/Developments/Web/System SL/situational-awareness/backend/collectors/../data/cse/summary_20251206_052100.csv and /home/km/Developments/Web/System SL/situational-awareness/backend/collectors/../data/cse/summary_latest.json
2025-12-06 10:51:00,397 INFO Fetching status from https://www.cse.lk/api/marketStatus
2025-12-06 10:51:00,867 INFO Saved dict as single-row DataFrame
2025-12-06 10:51:00,868 INFO Saved to /home/km/Developments/Web/System SL/situational-awareness/backend/collectors/../data/cse/status_20251206_052100.csv and /home/km/Developments/Web/System SL/situational-awareness/backend/collectors/../data/cse/status_latest.json
2025-12-06 10:51:00,868 INFO Fetching prices from https://www.cse.lk/api/todaySharePrice
2025-12-06 10:51:01,533 INFO Fetched list with 10 rows
2025-12-06 10:51:01,534 INFO Saved to /home/km/Developments/Web/System SL/situational-awareness/backend/collectors/../data/cse/prices_20251206_052101.csv and /home/km/Developments/Web/System SL/situational-awareness/backend/collectors/../data/cse/prices_latest.json
2025-12-06 10:51:01,535 INFO Fetching gainers from https://www.cse.lk/api/topGainers
2025-12-06 10:51:02,078 INFO Fetched list with 10 rows
2025-12-06 10:51:02,079 INFO Saved to /home/km/Developments/Web/System SL/situational-awareness/backend/collectors/../data/cse/gainers_20251206_052102.csv and /home/km/Developments/Web/System SL/situational-awareness/backend/collectors/../data/cse/gainers_latest.json
2025-12-06 10:51:02,079 INFO Fetching losers from https://www.cse.lk/api/topLooses
2025-12-06 10:51:02,659 INFO Fetched list with 10 rows
2025-12-06 10:51:02,660 INFO Saved to /home/km/Developments/Web/System SL/situational-awareness/backend/collectors/../data/cse/losers_20251206_052102.csv and /home/km/Developments/Web/System SL/situational-awareness/backend/collectors/../data/cse/losers_latest.json
2025-12-06 10:51:02,661 INFO Fetching indices from https://www.cse.lk/api/marketIndices
2025-12-06 10:51:03,376 INFO Fetched list with 1 rows
2025-12-06 10:51:03,378 INFO Saved to /home/km/Developments/Web/System SL/situational-awareness/backend/collectors/../data/cse/indices_20251206_052103.csv and /home/km/Developments/Web/System SL/situational-awareness/backend/collectors/../data/cse/indices_latest.json
2025-12-06 10:51:03,378 INFO CSE collector finished
2025-12-06 10:56:05,620 INFO CSE collector started
2025-12-06 10:56:05,620 INFO Fetching summary from https://www.cse.lk/api/marketSummery
2025-12-06 10:56:06,238 INFO Saved dict as single-row DataFrame
2025-12-06 10:56:06,240 INFO Saved to /home/km/Developments/Web/System SL/situational-awareness/backend/collectors/../data/cse/summary_20251206_052606.csv and /home/km/Developments/Web/System SL/situational-awareness/backend/collectors/../data/cse/summary_latest.json
2025-12-06 10:56:06,240 INFO Fetching status from https://www.cse.lk/api/marketStatus
2025-12-06 10:56:06,677 INFO Saved dict as single-row DataFrame
2025-12-06 10:56:06,678 INFO Saved to /home/km/Developments/Web/System SL/situational-awareness/backend/collectors/../data/cse/status_20251206_052606.csv and /home/km/Developments/Web/System SL/situational-awareness/backend/collectors/../data/cse/status_latest.json
2025-12-06 10:56:06,679 INFO Fetching prices from https://www.cse.lk/api/todaySharePrice
2025-12-06 10:56:07,324 INFO Fetched list with 10 rows
2025-12-06 10:56:07,325 INFO Saved to /home/km/Developments/Web/System SL/situational-awareness/backend/collectors/../data/cse/prices_20251206_052607.csv and /home/km/Developments/Web/System SL/situational-awareness/backend/collectors/../data/cse/prices_latest.json
2025-12-06 10:56:07,326 INFO Fetching gainers from https://www.cse.lk/api/topGainers
2025-12-06 10:56:07,915 INFO Fetched list with 10 rows
2025-12-06 10:56:07,917 INFO Saved to /home/km/Developments/Web/System SL/situational-awareness/backend/collectors/../data/cse/gainers_20251206_052607.csv and /home/km/Developments/Web/System SL/situational-awareness/backend/collectors/../data/cse/gainers_latest.json
2025-12-06 10:56:07,917 INFO Fetching losers from https://www.cse.lk/api/topLooses
2025-12-06 10:56:08,641 INFO Fetched list with 10 rows
2025-12-06 10:56:08,642 INFO Saved to /home/km/Developments/Web/System SL/situational-awareness/backend/collectors/../data/cse/losers_20251206_052608.csv and /home/km/Developments/Web/System SL/situational-awareness/backend/collectors/../data/cse/losers_latest.json
2025-12-06 10:56:08,642 INFO Fetching indices from https://www.cse.lk/api/marketIndices
2025-12-06 10:56:09,227 INFO Fetched list with 1 rows
2025-12-06 10:56:09,228 INFO Saved to /home/km/Developments/Web/System SL/situational-awareness/backend/collectors/../data/cse/indices_20251206_052609.csv and /home/km/Developments/Web/System SL/situational-awareness/backend/collectors/../data/cse/indices_latest.json
2025-12-06 10:56:09,229 INFO CSE collector finished
2025-12-06 11:01:11,368 INFO CSE collector started
2025-12-06 11:01:11,368 INFO Fetching summary from https://www.cse.lk/api/marketSummery
2025-12-06 11:01:11,807 INFO Saved dict as single-row DataFrame
2025-12-06 11:01:11,809 INFO Saved to /home/km/Developments/Web/System SL/situational-awareness/backend/collectors/../data/cse/summary_20251206_053111.csv and /home/km/Developments/Web/System SL/situational-awareness/backend/collectors/../data/cse/summary_latest.json
2025-12-06 11:01:11,809 INFO Fetching status from https://www.cse.lk/api/marketStatus
2025-12-06 11:01:12,283 INFO Saved dict as single-row DataFrame
2025-12-06 11:01:12,284 INFO Saved to /home/km/Developments/Web/System SL/situational-awareness/backend/collectors/../data/cse/status_20251206_053112.csv and /home/km/Developments/Web/System SL/situational-awareness/backend/collectors/../data/cse/status_latest.json
2025-12-06 11:01:12,285 INFO Fetching prices from https://www.cse.lk/api/todaySharePrice
2025-12-06 11:01:12,665 INFO Fetched list with 10 rows
2025-12-06 11:01:12,666 INFO Saved to /home/km/Developments/Web/System SL/situational-awareness/backend/collectors/../data/cse/prices_20251206_053112.csv and /home/km/Developments/Web/System SL/situational-awareness/backend/collectors/../data/cse/prices_latest.json
2025-12-06 11:01:12,667 INFO Fetching gainers from https://www.cse.lk/api/topGainers
2025-12-06 11:01:13,160 INFO Fetched list with 10 rows
2025-12-06 11:01:13,161 INFO Saved to /home/km/Developments/Web/System SL/situational-awareness/backend/collectors/../data/cse/gainers_20251206_053113.csv and /home/km/Developments/Web/System SL/situational-awareness/backend/collectors/../data/cse/gainers_latest.json
2025-12-06 11:01:13,161 INFO Fetching losers from https://www.cse.lk/api/topLooses
2025-12-06 11:01:13,534 INFO Fetched list with 10 rows
2025-12-06 11:01:13,535 INFO Saved to /home/km/Developments/Web/System SL/situational-awareness/backend/collectors/../data/cse/losers_20251206_053113.csv and /home/km/Developments/Web/System SL/situational-awareness/backend/collectors/../data/cse/losers_latest.json
2025-12-06 11:01:13,535 INFO Fetching indices from https://www.cse.lk/api/marketIndices
2025-12-06 11:01:14,023 INFO Fetched list with 1 rows
2025-12-06 11:01:14,025 INFO Saved to /home/km/Developments/Web/System SL/situational-awareness/backend/collectors/../data/cse/indices_20251206_053114.csv and /home/km/Developments/Web/System SL/situational-awareness/backend/collectors/../data/cse/indices_latest.json
2025-12-06 11:01:14,025 INFO CSE collector finished
2025-12-06 11:06:19,700 INFO CSE collector started
2025-12-06 11:06:19,700 INFO Fetching summary from https://www.cse.lk/api/marketSummery
2025-12-06 11:06:20,280 INFO Saved dict as single-row DataFrame
2025-12-06 11:06:20,282 INFO Saved to /home/km/Developments/Web/System SL/situational-awareness/backend/collectors/../data/cse/summary_20251206_053620.csv and /home/km/Developments/Web/System SL/situational-awareness/backend/collectors/../data/cse/summary_latest.json
2025-12-06 11:06:20,283 INFO Fetching status from https://www.cse.lk/api/marketStatus
2025-12-06 11:06:20,841 INFO Saved dict as single-row DataFrame
2025-12-06 11:06:20,842 INFO Saved to /home/km/Developments/Web/System SL/situational-awareness/backend/collectors/../data/cse/status_20251206_053620.csv and /home/km/Developments/Web/System SL/situational-awareness/backend/collectors/../data/cse/status_latest.json
2025-12-06 11:06:20,842 INFO Fetching prices from https://www.cse.lk/api/todaySharePrice
2025-12-06 11:06:21,397 INFO Fetched list with 10 rows
2025-12-06 11:06:21,398 INFO Saved to /home/km/Developments/Web/System SL/situational-awareness/backend/collectors/../data/cse/prices_20251206_053621.csv and /home/km/Developments/Web/System SL/situational-awareness/backend/collectors/../data/cse/prices_latest.json
2025-12-06 11:06:21,398 INFO Fetching gainers from https://www.cse.lk/api/topGainers
2025-12-06 11:06:22,011 INFO Fetched list with 10 rows
2025-12-06 11:06:22,012 INFO Saved to /home/km/Developments/Web/System SL/situational-awareness/backend/collectors/../data/cse/gainers_20251206_053622.csv and /home/km/Developments/Web/System SL/situational-awareness/backend/collectors/../data/cse/gainers_latest.json
2025-12-06 11:06:22,012 INFO Fetching losers from https://www.cse.lk/api/topLooses
2025-12-06 11:06:22,609 INFO Fetched list with 10 rows
2025-12-06 11:06:22,610 INFO Saved to /home/km/Developments/Web/System SL/situational-awareness/backend/collectors/../data/cse/losers_20251206_053622.csv and /home/km/Developments/Web/System SL/situational-awareness/backend/collectors/../data/cse/losers_latest.json
2025-12-06 11:06:22,611 INFO Fetching indices from https://www.cse.lk/api/marketIndices
2025-12-06 11:06:22,984 INFO Fetched list with 1 rows
2025-12-06 11:06:22,985 INFO Saved to /home/km/Developments/Web/System SL/situational-awareness/backend/collectors/../data/cse/indices_20251206_053622.csv and /home/km/Developments/Web/System SL/situational-awareness/backend/collectors/../data/cse/indices_latest.json
2025-12-06 11:06:22,985 INFO CSE collector finished
2025-12-06 11:11:26,249 INFO CSE collector started
2025-12-06 11:11:26,249 INFO Fetching summary from https://www.cse.lk/api/marketSummery
2025-12-06 11:11:27,126 INFO Saved dict as single-row DataFrame
2025-12-06 11:11:27,128 INFO Saved to /home/km/Developments/Web/System SL/situational-awareness/backend/collectors/../data/cse/summary_20251206_054127.csv and /home/km/Developments/Web/System SL/situational-awareness/backend/collectors/../data/cse/summary_latest.json
2025-12-06 11:11:27,129 INFO Fetching status from https://www.cse.lk/api/marketStatus
2025-12-06 11:11:27,708 INFO Saved dict as single-row DataFrame
2025-12-06 11:11:27,709 INFO Saved to /home/km/Developments/Web/System SL/situational-awareness/backend/collectors/../data/cse/status_20251206_054127.csv and /home/km/Developments/Web/System SL/situational-awareness/backend/collectors/../data/cse/status_latest.json
2025-12-06 11:11:27,710 INFO Fetching prices from https://www.cse.lk/api/todaySharePrice
2025-12-06 11:11:28,114 INFO Fetched list with 10 rows
2025-12-06 11:11:28,115 INFO Saved to /home/km/Developments/Web/System SL/situational-awareness/backend/collectors/../data/cse/prices_20251206_054128.csv and /home/km/Developments/Web/System SL/situational-awareness/backend/collectors/../data/cse/prices_latest.json
2025-12-06 11:11:28,116 INFO Fetching gainers from https://www.cse.lk/api/topGainers
2025-12-06 11:11:28,668 INFO Fetched list with 10 rows
2025-12-06 11:11:28,669 INFO Saved to /home/km/Developments/Web/System SL/situational-awareness/backend/collectors/../data/cse/gainers_20251206_054128.csv and /home/km/Developments/Web/System SL/situational-awareness/backend/collectors/../data/cse/gainers_latest.json
2025-12-06 11:11:28,670 INFO Fetching losers from https://www.cse.lk/api/topLooses
2025-12-06 11:11:29,157 INFO Fetched list with 10 rows
2025-12-06 11:11:29,158 INFO Saved to /home/km/Developments/Web/System SL/situational-awareness/backend/collectors/../data/cse/losers_20251206_054129.csv and /home/km/Developments/Web/System SL/situational-awareness/backend/collectors/../data/cse/losers_latest.json
2025-12-06 11:11:29,158 INFO Fetching indices from https://www.cse.lk/api/marketIndices
2025-12-06 11:11:29,546 INFO Fetched list with 1 rows
2025-12-06 11:11:29,548 INFO Saved to /home/km/Developments/Web/System SL/situational-awareness/backend/collectors/../data/cse/indices_20251206_054129.csv and /home/km/Developments/Web/System SL/situational-awareness/backend/collectors/../data/cse/indices_latest.json
2025-12-06 11:11:29,548 INFO CSE collector finished
2025-12-06 11:15:07,460 INFO CSE collector started
2025-12-06 11:15:07,460 INFO Fetching summary from https://www.cse.lk/api/marketSummery
2025-12-06 11:15:07,995 INFO Saved dict as single-row DataFrame
2025-12-06 11:15:07,997 INFO Saved to /home/km/Developments/Web/System SL/situational-awareness/backend/collectors/../data/cse/summary_20251206_054507.csv and /home/km/Developments/Web/System SL/situational-awareness/backend/collectors/../data/cse/summary_latest.json
2025-12-06 11:15:07,997 INFO Fetching status from https://www.cse.lk/api/marketStatus
2025-12-06 11:15:08,351 INFO Saved dict as single-row DataFrame
2025-12-06 11:15:08,352 INFO Saved to /home/km/Developments/Web/System SL/situational-awareness/backend/collectors/../data/cse/status_20251206_054508.csv and /home/km/Developments/Web/System SL/situational-awareness/backend/collectors/../data/cse/status_latest.json
2025-12-06 11:15:08,352 INFO Fetching prices from https://www.cse.lk/api/todaySharePrice
2025-12-06 11:15:08,850 INFO Fetched list with 10 rows
2025-12-06 11:15:08,851 INFO Saved to /home/km/Developments/Web/System SL/situational-awareness/backend/collectors/../data/cse/prices_20251206_054508.csv and /home/km/Developments/Web/System SL/situational-awareness/backend/collectors/../data/cse/prices_latest.json
2025-12-06 11:15:08,852 INFO Fetching gainers from https://www.cse.lk/api/topGainers
2025-12-06 11:15:09,233 INFO Fetched list with 10 rows
2025-12-06 11:15:09,234 INFO Saved to /home/km/Developments/Web/System SL/situational-awareness/backend/collectors/../data/cse/gainers_20251206_054509.csv and /home/km/Developments/Web/System SL/situational-awareness/backend/collectors/../data/cse/gainers_latest.json
2025-12-06 11:15:09,235 INFO Fetching losers from https://www.cse.lk/api/topLooses
2025-12-06 11:15:09,591 INFO Fetched list with 10 rows
2025-12-06 11:15:09,592 INFO Saved to /home/km/Developments/Web/System SL/situational-awareness/backend/collectors/../data/cse/losers_20251206_054509.csv and /home/km/Developments/Web/System SL/situational-awareness/backend/collectors/../data/cse/losers_latest.json
2025-12-06 11:15:09,592 INFO Fetching indices from https://www.cse.lk/api/marketIndices
2025-12-06 11:15:09,948 INFO Fetched list with 1 rows
2025-12-06 11:15:09,949 INFO Saved to /home/km/Developments/Web/System SL/situational-awareness/backend/collectors/../data/cse/indices_20251206_054509.csv and /home/km/Developments/Web/System SL/situational-awareness/backend/collectors/../data/cse/indices_latest.json
2025-12-06 11:15:09,950 INFO CSE collector finished
2025-12-06 11:19:48,315 INFO CSE collector started
2025-12-06 11:19:48,316 INFO Fetching summary from https://www.cse.lk/api/marketSummery
2025-12-06 11:19:48,717 INFO Saved dict as single-row DataFrame
2025-12-06 11:19:48,720 INFO Saved to /home/km/Developments/Web/System SL/situational-awareness/backend/collectors/../data/cse/summary_20251206_054948.csv and /home/km/Developments/Web/System SL/situational-awareness/backend/collectors/../data/cse/summary_latest.json
2025-12-06 11:19:48,720 INFO Fetching status from https://www.cse.lk/api/marketStatus
2025-12-06 11:19:49,195 INFO Saved dict as single-row DataFrame
2025-12-06 11:19:49,196 INFO Saved to /home/km/Developments/Web/System SL/situational-awareness/backend/collectors/../data/cse/status_20251206_054949.csv and /home/km/Developments/Web/System SL/situational-awareness/backend/collectors/../data/cse/status_latest.json
2025-12-06 11:19:49,197 INFO Fetching prices from https://www.cse.lk/api/todaySharePrice
2025-12-06 11:19:49,565 INFO Fetched list with 10 rows
2025-12-06 11:19:49,567 INFO Saved to /home/km/Developments/Web/System SL/situational-awareness/backend/collectors/../data/cse/prices_20251206_054949.csv and /home/km/Developments/Web/System SL/situational-awareness/backend/collectors/../data/cse/prices_latest.json
2025-12-06 11:19:49,571 INFO Fetching gainers from https://www.cse.lk/api/topGainers
2025-12-06 11:19:49,932 INFO Fetched list with 10 rows
2025-12-06 11:19:49,936 INFO Saved to /home/km/Developments/Web/System SL/situational-awareness/backend/collectors/../data/cse/gainers_20251206_054949.csv and /home/km/Developments/Web/System SL/situational-awareness/backend/collectors/../data/cse/gainers_latest.json
2025-12-06 11:19:49,937 INFO Fetching losers from https://www.cse.lk/api/topLooses
2025-12-06 11:19:50,391 INFO Fetched list with 10 rows
2025-12-06 11:19:50,392 INFO Saved to /home/km/Developments/Web/System SL/situational-awareness/backend/collectors/../data/cse/losers_20251206_054950.csv and /home/km/Developments/Web/System SL/situational-awareness/backend/collectors/../data/cse/losers_latest.json
2025-12-06 11:19:50,396 INFO Fetching indices from https://www.cse.lk/api/marketIndices
2025-12-06 11:19:50,886 INFO Fetched list with 1 rows
2025-12-06 11:19:50,892 INFO Saved to /home/km/Developments/Web/System SL/situational-awareness/backend/collectors/../data/cse/indices_20251206_054950.csv and /home/km/Developments/Web/System SL/situational-awareness/backend/collectors/../data/cse/indices_latest.json
2025-12-06 11:19:50,893 INFO CSE collector finished
2025-12-06 11:20:19,301 INFO CSE collector started
2025-12-06 11:20:19,301 INFO Fetching summary from https://www.cse.lk/api/marketSummery
2025-12-06 11:20:19,719 INFO Saved dict as single-row DataFrame
2025-12-06 11:20:19,727 INFO Saved to /home/km/Developments/Web/System SL/situational-awareness/backend/collectors/../data/cse/summary_20251206_055019.csv and /home/km/Developments/Web/System SL/situational-awareness/backend/collectors/../data/cse/summary_latest.json
2025-12-06 11:20:19,728 INFO Fetching status from https://www.cse.lk/api/marketStatus
2025-12-06 11:20:20,253 INFO Saved dict as single-row DataFrame
2025-12-06 11:20:20,254 INFO Saved to /home/km/Developments/Web/System SL/situational-awareness/backend/collectors/../data/cse/status_20251206_055020.csv and /home/km/Developments/Web/System SL/situational-awareness/backend/collectors/../data/cse/status_latest.json
2025-12-06 11:20:20,254 INFO Fetching prices from https://www.cse.lk/api/todaySharePrice
2025-12-06 11:20:20,719 INFO Fetched list with 10 rows
2025-12-06 11:20:20,720 INFO Saved to /home/km/Developments/Web/System SL/situational-awareness/backend/collectors/../data/cse/prices_20251206_055020.csv and /home/km/Developments/Web/System SL/situational-awareness/backend/collectors/../data/cse/prices_latest.json
2025-12-06 11:20:20,721 INFO Fetching gainers from https://www.cse.lk/api/topGainers
2025-12-06 11:20:21,080 INFO Fetched list with 10 rows
2025-12-06 11:20:21,081 INFO Saved to /home/km/Developments/Web/System SL/situational-awareness/backend/collectors/../data/cse/gainers_20251206_055021.csv and /home/km/Developments/Web/System SL/situational-awareness/backend/collectors/../data/cse/gainers_latest.json
2025-12-06 11:20:21,082 INFO Fetching losers from https://www.cse.lk/api/topLooses
2025-12-06 11:20:21,551 INFO Fetched list with 10 rows
2025-12-06 11:20:21,552 INFO Saved to /home/km/Developments/Web/System SL/situational-awareness/backend/collectors/../data/cse/losers_20251206_055021.csv and /home/km/Developments/Web/System SL/situational-awareness/backend/collectors/../data/cse/losers_latest.json
2025-12-06 11:20:21,553 INFO Fetching indices from https://www.cse.lk/api/marketIndices
2025-12-06 11:20:22,028 INFO Fetched list with 1 rows
2025-12-06 11:20:22,030 INFO Saved to /home/km/Developments/Web/System SL/situational-awareness/backend/collectors/../data/cse/indices_20251206_055022.csv and /home/km/Developments/Web/System SL/situational-awareness/backend/collectors/../data/cse/indices_latest.json
2025-12-06 11:20:22,031 INFO CSE collector finished
2025-12-06 11:24:54,991 INFO CSE collector started
2025-12-06 11:24:54,991 INFO Fetching summary from https://www.cse.lk/api/marketSummery
2025-12-06 11:24:55,509 INFO Saved dict as single-row DataFrame
2025-12-06 11:24:55,511 INFO Saved to /home/km/Developments/Web/System SL/situational-awareness/backend/collectors/../data/cse/summary_20251206_055455.csv and /home/km/Developments/Web/System SL/situational-awareness/backend/collectors/../data/cse/summary_latest.json
2025-12-06 11:24:55,512 INFO Fetching status from https://www.cse.lk/api/marketStatus
2025-12-06 11:24:55,924 INFO Saved dict as single-row DataFrame
2025-12-06 11:24:55,925 INFO Saved to /home/km/Developments/Web/System SL/situational-awareness/backend/collectors/../data/cse/status_20251206_055455.csv and /home/km/Developments/Web/System SL/situational-awareness/backend/collectors/../data/cse/status_latest.json
2025-12-06 11:24:55,926 INFO Fetching prices from https://www.cse.lk/api/todaySharePrice
2025-12-06 11:24:56,319 INFO Fetched list with 10 rows
2025-12-06 11:24:56,321 INFO Saved to /home/km/Developments/Web/System SL/situational-awareness/backend/collectors/../data/cse/prices_20251206_055456.csv and /home/km/Developments/Web/System SL/situational-awareness/backend/collectors/../data/cse/prices_latest.json
2025-12-06 11:24:56,321 INFO Fetching gainers from https://www.cse.lk/api/topGainers
2025-12-06 11:24:56,795 INFO Fetched list with 10 rows
2025-12-06 11:24:56,796 INFO Saved to /home/km/Developments/Web/System SL/situational-awareness/backend/collectors/../data/cse/gainers_20251206_055456.csv and /home/km/Developments/Web/System SL/situational-awareness/backend/collectors/../data/cse/gainers_latest.json
2025-12-06 11:24:56,797 INFO Fetching losers from https://www.cse.lk/api/topLooses
2025-12-06 11:24:57,235 INFO Fetched list with 10 rows
2025-12-06 11:24:57,236 INFO Saved to /home/km/Developments/Web/System SL/situational-awareness/backend/collectors/../data/cse/losers_20251206_055457.csv and /home/km/Developments/Web/System SL/situational-awareness/backend/collectors/../data/cse/losers_latest.json
2025-12-06 11:24:57,237 INFO Fetching indices from https://www.cse.lk/api/marketIndices
2025-12-06 11:24:57,727 INFO Fetched list with 1 rows
2025-12-06 11:24:57,729 INFO Saved to /home/km/Developments/Web/System SL/situational-awareness/backend/collectors/../data/cse/indices_20251206_055457.csv and /home/km/Developments/Web/System SL/situational-awareness/backend/collectors/../data/cse/indices_latest.json
2025-12-06 11:24:57,730 INFO CSE collector finished
2025-12-06 11:30:00,696 INFO CSE collector started
2025-12-06 11:30:00,696 INFO Fetching summary from https://www.cse.lk/api/marketSummery
2025-12-06 11:30:01,139 INFO Saved dict as single-row DataFrame
2025-12-06 11:30:01,143 INFO Saved to /home/km/Developments/Web/System SL/situational-awareness/backend/collectors/../data/cse/summary_20251206_060001.csv and /home/km/Developments/Web/System SL/situational-awareness/backend/collectors/../data/cse/summary_latest.json
2025-12-06 11:30:01,144 INFO Fetching status from https://www.cse.lk/api/marketStatus
2025-12-06 11:30:01,584 INFO Saved dict as single-row DataFrame
2025-12-06 11:30:01,586 INFO Saved to /home/km/Developments/Web/System SL/situational-awareness/backend/collectors/../data/cse/status_20251206_060001.csv and /home/km/Developments/Web/System SL/situational-awareness/backend/collectors/../data/cse/status_latest.json
2025-12-06 11:30:01,587 INFO Fetching prices from https://www.cse.lk/api/todaySharePrice
2025-12-06 11:30:02,051 INFO Fetched list with 10 rows
2025-12-06 11:30:02,053 INFO Saved to /home/km/Developments/Web/System SL/situational-awareness/backend/collectors/../data/cse/prices_20251206_060002.csv and /home/km/Developments/Web/System SL/situational-awareness/backend/collectors/../data/cse/prices_latest.json
2025-12-06 11:30:02,054 INFO Fetching gainers from https://www.cse.lk/api/topGainers
2025-12-06 11:30:02,402 INFO Fetched list with 10 rows
2025-12-06 11:30:02,403 INFO Saved to /home/km/Developments/Web/System SL/situational-awareness/backend/collectors/../data/cse/gainers_20251206_060002.csv and /home/km/Developments/Web/System SL/situational-awareness/backend/collectors/../data/cse/gainers_latest.json
2025-12-06 11:30:02,404 INFO Fetching losers from https://www.cse.lk/api/topLooses
2025-12-06 11:30:02,735 INFO Fetched list with 10 rows
2025-12-06 11:30:02,737 INFO Saved to /home/km/Developments/Web/System SL/situational-awareness/backend/collectors/../data/cse/losers_20251206_060002.csv and /home/km/Developments/Web/System SL/situational-awareness/backend/collectors/../data/cse/losers_latest.json
2025-12-06 11:30:02,737 INFO Fetching indices from https://www.cse.lk/api/marketIndices
2025-12-06 11:30:03,216 INFO Fetched list with 1 rows
2025-12-06 11:30:03,218 INFO Saved to /home/km/Developments/Web/System SL/situational-awareness/backend/collectors/../data/cse/indices_20251206_060003.csv and /home/km/Developments/Web/System SL/situational-awareness/backend/collectors/../data/cse/indices_latest.json
2025-12-06 11:30:03,219 INFO CSE collector finished
2025-12-08 09:05:40,695 INFO CSE collector started
2025-12-08 09:05:40,698 INFO Fetching summary from https://www.cse.lk/api/marketSummery
2025-12-08 09:05:41,852 ERROR Failed fetching summary: Expecting value: line 1 column 1 (char 0)
Traceback (most recent call last):
  File "/home/km/anaconda3/envs/TF/lib/python3.9/site-packages/requests/models.py", line 976, in json
    return complexjson.loads(self.text, **kwargs)
  File "/home/km/anaconda3/envs/TF/lib/python3.9/json/__init__.py", line 346, in loads
    return _default_decoder.decode(s)
  File "/home/km/anaconda3/envs/TF/lib/python3.9/json/decoder.py", line 337, in decode
    obj, end = self.raw_decode(s, idx=_w(s, 0).end())
  File "/home/km/anaconda3/envs/TF/lib/python3.9/json/decoder.py", line 355, in raw_decode
    raise JSONDecodeError("Expecting value", s, err.value) from None
json.decoder.JSONDecodeError: Expecting value: line 1 column 1 (char 0)

During handling of the above exception, another exception occurred:

Traceback (most recent call last):
  File "/home/km/Developments/Web/System SL/situational-awareness/backend/collectors/cse_collector.py", line 49, in fetch_and_save
    data = res.json()
  File "/home/km/anaconda3/envs/TF/lib/python3.9/site-packages/requests/models.py", line 980, in json
    raise RequestsJSONDecodeError(e.msg, e.doc, e.pos)
requests.exceptions.JSONDecodeError: Expecting value: line 1 column 1 (char 0)
2025-12-08 09:05:41,866 INFO Fetching status from https://www.cse.lk/api/marketStatus
2025-12-08 09:05:43,074 INFO Saved dict as single-row DataFrame
2025-12-08 09:05:43,080 INFO Saved to /home/km/Developments/Web/System SL/situational-awareness/backend/collectors/../data/cse/status_20251208_033543.csv and /home/km/Developments/Web/System SL/situational-awareness/backend/collectors/../data/cse/status_latest.json
2025-12-08 09:05:43,081 INFO Fetching prices from https://www.cse.lk/api/todaySharePrice
2025-12-08 09:05:44,000 INFO Fetched list with 0 rows
2025-12-08 09:05:44,005 INFO Saved to /home/km/Developments/Web/System SL/situational-awareness/backend/collectors/../data/cse/prices_20251208_033544.csv and /home/km/Developments/Web/System SL/situational-awareness/backend/collectors/../data/cse/prices_latest.json
2025-12-08 09:05:44,008 INFO Fetching gainers from https://www.cse.lk/api/topGainers
2025-12-08 09:05:44,921 INFO Fetched list with 0 rows
2025-12-08 09:05:44,926 INFO Saved to /home/km/Developments/Web/System SL/situational-awareness/backend/collectors/../data/cse/gainers_20251208_033544.csv and /home/km/Developments/Web/System SL/situational-awareness/backend/collectors/../data/cse/gainers_latest.json
2025-12-08 09:05:44,928 INFO Fetching losers from https://www.cse.lk/api/topLooses
2025-12-08 09:05:45,635 INFO Fetched list with 0 rows
2025-12-08 09:05:45,638 INFO Saved to /home/km/Developments/Web/System SL/situational-awareness/backend/collectors/../data/cse/losers_20251208_033545.csv and /home/km/Developments/Web/System SL/situational-awareness/backend/collectors/../data/cse/losers_latest.json
2025-12-08 09:05:45,640 INFO Fetching indices from https://www.cse.lk/api/marketIndices
2025-12-08 09:05:46,457 INFO Fetched list with 1 rows
2025-12-08 09:05:46,463 INFO Saved to /home/km/Developments/Web/System SL/situational-awareness/backend/collectors/../data/cse/indices_20251208_033546.csv and /home/km/Developments/Web/System SL/situational-awareness/backend/collectors/../data/cse/indices_latest.json
2025-12-08 09:05:46,466 INFO CSE collector finished
2025-12-08 09:07:36,338 INFO CSE collector started
2025-12-08 09:07:36,338 INFO Fetching summary from https://www.cse.lk/api/marketSummery
2025-12-08 09:07:38,307 ERROR Failed fetching summary: Expecting value: line 1 column 1 (char 0)
Traceback (most recent call last):
  File "/home/km/anaconda3/envs/TF/lib/python3.9/site-packages/requests/models.py", line 976, in json
    return complexjson.loads(self.text, **kwargs)
  File "/home/km/anaconda3/envs/TF/lib/python3.9/json/__init__.py", line 346, in loads
    return _default_decoder.decode(s)
  File "/home/km/anaconda3/envs/TF/lib/python3.9/json/decoder.py", line 337, in decode
    obj, end = self.raw_decode(s, idx=_w(s, 0).end())
  File "/home/km/anaconda3/envs/TF/lib/python3.9/json/decoder.py", line 355, in raw_decode
    raise JSONDecodeError("Expecting value", s, err.value) from None
json.decoder.JSONDecodeError: Expecting value: line 1 column 1 (char 0)

During handling of the above exception, another exception occurred:

Traceback (most recent call last):
  File "/home/km/Developments/Web/System SL/situational-awareness/backend/collectors/cse_collector.py", line 49, in fetch_and_save
    data = res.json()
  File "/home/km/anaconda3/envs/TF/lib/python3.9/site-packages/requests/models.py", line 980, in json
    raise RequestsJSONDecodeError(e.msg, e.doc, e.pos)
requests.exceptions.JSONDecodeError: Expecting value: line 1 column 1 (char 0)
2025-12-08 09:07:38,310 INFO Fetching status from https://www.cse.lk/api/marketStatus
2025-12-08 09:07:39,610 INFO Saved dict as single-row DataFrame
2025-12-08 09:07:39,620 INFO Saved to /home/km/Developments/Web/System SL/situational-awareness/backend/collectors/../data/cse/status_20251208_033739.csv and /home/km/Developments/Web/System SL/situational-awareness/backend/collectors/../data/cse/status_latest.json
2025-12-08 09:07:39,623 INFO Fetching prices from https://www.cse.lk/api/todaySharePrice
2025-12-08 09:07:40,633 INFO Fetched list with 0 rows
2025-12-08 09:07:40,638 INFO Saved to /home/km/Developments/Web/System SL/situational-awareness/backend/collectors/../data/cse/prices_20251208_033740.csv and /home/km/Developments/Web/System SL/situational-awareness/backend/collectors/../data/cse/prices_latest.json
2025-12-08 09:07:40,640 INFO Fetching gainers from https://www.cse.lk/api/topGainers
2025-12-08 09:07:41,359 INFO Fetched list with 0 rows
2025-12-08 09:07:41,361 INFO Saved to /home/km/Developments/Web/System SL/situational-awareness/backend/collectors/../data/cse/gainers_20251208_033741.csv and /home/km/Developments/Web/System SL/situational-awareness/backend/collectors/../data/cse/gainers_latest.json
2025-12-08 09:07:41,362 INFO Fetching losers from https://www.cse.lk/api/topLooses
2025-12-08 09:07:42,272 INFO Fetched list with 0 rows
2025-12-08 09:07:42,277 INFO Saved to /home/km/Developments/Web/System SL/situational-awareness/backend/collectors/../data/cse/losers_20251208_033742.csv and /home/km/Developments/Web/System SL/situational-awareness/backend/collectors/../data/cse/losers_latest.json
2025-12-08 09:07:42,280 INFO Fetching indices from https://www.cse.lk/api/marketIndices
2025-12-08 09:07:42,989 INFO Fetched list with 1 rows
2025-12-08 09:07:42,998 INFO Saved to /home/km/Developments/Web/System SL/situational-awareness/backend/collectors/../data/cse/indices_20251208_033742.csv and /home/km/Developments/Web/System SL/situational-awareness/backend/collectors/../data/cse/indices_latest.json
2025-12-08 09:07:43,002 INFO CSE collector finished
2025-12-08 09:08:33,427 INFO CSE collector started
2025-12-08 09:08:33,427 INFO Fetching summary from https://www.cse.lk/api/marketSummery
2025-12-08 09:08:34,148 ERROR Failed fetching summary: Expecting value: line 1 column 1 (char 0)
Traceback (most recent call last):
  File "/home/km/anaconda3/envs/TF/lib/python3.9/site-packages/requests/models.py", line 976, in json
    return complexjson.loads(self.text, **kwargs)
  File "/home/km/anaconda3/envs/TF/lib/python3.9/json/__init__.py", line 346, in loads
    return _default_decoder.decode(s)
  File "/home/km/anaconda3/envs/TF/lib/python3.9/json/decoder.py", line 337, in decode
    obj, end = self.raw_decode(s, idx=_w(s, 0).end())
  File "/home/km/anaconda3/envs/TF/lib/python3.9/json/decoder.py", line 355, in raw_decode
    raise JSONDecodeError("Expecting value", s, err.value) from None
json.decoder.JSONDecodeError: Expecting value: line 1 column 1 (char 0)

During handling of the above exception, another exception occurred:

Traceback (most recent call last):
  File "/home/km/Developments/Web/System SL/situational-awareness/backend/collectors/cse_collector.py", line 49, in fetch_and_save
    data = res.json()
  File "/home/km/anaconda3/envs/TF/lib/python3.9/site-packages/requests/models.py", line 980, in json
    raise RequestsJSONDecodeError(e.msg, e.doc, e.pos)
requests.exceptions.JSONDecodeError: Expecting value: line 1 column 1 (char 0)
2025-12-08 09:08:34,155 INFO Fetching status from https://www.cse.lk/api/marketStatus
2025-12-08 09:08:34,907 INFO Saved dict as single-row DataFrame
2025-12-08 09:08:34,920 INFO Saved to /home/km/Developments/Web/System SL/situational-awareness/backend/collectors/../data/cse/status_20251208_033834.csv and /home/km/Developments/Web/System SL/situational-awareness/backend/collectors/../data/cse/status_latest.json
2025-12-08 09:08:34,923 INFO Fetching prices from https://www.cse.lk/api/todaySharePrice
2025-12-08 09:08:35,828 INFO Fetched list with 0 rows
2025-12-08 09:08:35,833 INFO Saved to /home/km/Developments/Web/System SL/situational-awareness/backend/collectors/../data/cse/prices_20251208_033835.csv and /home/km/Developments/Web/System SL/situational-awareness/backend/collectors/../data/cse/prices_latest.json
2025-12-08 09:08:35,836 INFO Fetching gainers from https://www.cse.lk/api/topGainers
2025-12-08 09:08:36,852 INFO Fetched list with 0 rows
2025-12-08 09:08:36,858 INFO Saved to /home/km/Developments/Web/System SL/situational-awareness/backend/collectors/../data/cse/gainers_20251208_033836.csv and /home/km/Developments/Web/System SL/situational-awareness/backend/collectors/../data/cse/gainers_latest.json
2025-12-08 09:08:36,861 INFO Fetching losers from https://www.cse.lk/api/topLooses
2025-12-08 09:08:38,081 INFO Fetched list with 0 rows
2025-12-08 09:08:38,086 INFO Saved to /home/km/Developments/Web/System SL/situational-awareness/backend/collectors/../data/cse/losers_20251208_033838.csv and /home/km/Developments/Web/System SL/situational-awareness/backend/collectors/../data/cse/losers_latest.json
2025-12-08 09:08:38,089 INFO Fetching indices from https://www.cse.lk/api/marketIndices
2025-12-08 09:08:38,999 INFO Fetched list with 1 rows
2025-12-08 09:08:39,002 INFO Saved to /home/km/Developments/Web/System SL/situational-awareness/backend/collectors/../data/cse/indices_20251208_033838.csv and /home/km/Developments/Web/System SL/situational-awareness/backend/collectors/../data/cse/indices_latest.json
2025-12-08 09:08:39,004 INFO CSE collector finished
2025-12-08 09:09:51,863 INFO CSE collector started
2025-12-08 09:09:51,863 INFO Fetching summary from https://www.cse.lk/api/marketSummery
2025-12-08 09:09:52,732 ERROR Failed fetching summary: Expecting value: line 1 column 1 (char 0)
Traceback (most recent call last):
  File "/home/km/anaconda3/envs/TF/lib/python3.9/site-packages/requests/models.py", line 976, in json
    return complexjson.loads(self.text, **kwargs)
  File "/home/km/anaconda3/envs/TF/lib/python3.9/json/__init__.py", line 346, in loads
    return _default_decoder.decode(s)
  File "/home/km/anaconda3/envs/TF/lib/python3.9/json/decoder.py", line 337, in decode
    obj, end = self.raw_decode(s, idx=_w(s, 0).end())
  File "/home/km/anaconda3/envs/TF/lib/python3.9/json/decoder.py", line 355, in raw_decode
    raise JSONDecodeError("Expecting value", s, err.value) from None
json.decoder.JSONDecodeError: Expecting value: line 1 column 1 (char 0)

During handling of the above exception, another exception occurred:

Traceback (most recent call last):
  File "/home/km/Developments/Web/System SL/situational-awareness/backend/collectors/cse_collector.py", line 79, in fetch_and_save
    data = res.json()
  File "/home/km/anaconda3/envs/TF/lib/python3.9/site-packages/requests/models.py", line 980, in json
    raise RequestsJSONDecodeError(e.msg, e.doc, e.pos)
requests.exceptions.JSONDecodeError: Expecting value: line 1 column 1 (char 0)
2025-12-08 09:09:52,737 INFO Fetching status from https://www.cse.lk/api/marketStatus
2025-12-08 09:09:53,572 INFO Saved dict as single-row DataFrame
2025-12-08 09:09:53,583 INFO Saved to /home/km/Developments/Web/System SL/situational-awareness/backend/collectors/../data/cse/status_20251208_033953.csv and /home/km/Developments/Web/System SL/situational-awareness/backend/collectors/../data/cse/status_latest.json
2025-12-08 09:09:53,586 INFO Fetching prices from https://www.cse.lk/api/todaySharePrice
2025-12-08 09:09:54,263 INFO Fetched list with 0 rows
2025-12-08 09:09:54,265 INFO Saved to /home/km/Developments/Web/System SL/situational-awareness/backend/collectors/../data/cse/prices_20251208_033954.csv and /home/km/Developments/Web/System SL/situational-awareness/backend/collectors/../data/cse/prices_latest.json
2025-12-08 09:09:54,266 INFO Fetching gainers from https://www.cse.lk/api/topGainers
2025-12-08 09:09:55,185 INFO Fetched list with 0 rows
2025-12-08 09:09:55,187 INFO Saved to /home/km/Developments/Web/System SL/situational-awareness/backend/collectors/../data/cse/gainers_20251208_033955.csv and /home/km/Developments/Web/System SL/situational-awareness/backend/collectors/../data/cse/gainers_latest.json
2025-12-08 09:09:55,188 INFO Fetching losers from https://www.cse.lk/api/topLooses
2025-12-08 09:09:55,994 INFO Fetched list with 0 rows
2025-12-08 09:09:55,997 INFO Saved to /home/km/Developments/Web/System SL/situational-awareness/backend/collectors/../data/cse/losers_20251208_033955.csv and /home/km/Developments/Web/System SL/situational-awareness/backend/collectors/../data/cse/losers_latest.json
2025-12-08 09:09:55,998 INFO Fetching indices from https://www.cse.lk/api/marketIndices
2025-12-08 09:09:56,582 INFO Fetched list with 1 rows
2025-12-08 09:09:56,588 INFO Saved to /home/km/Developments/Web/System SL/situational-awareness/backend/collectors/../data/cse/indices_20251208_033956.csv and /home/km/Developments/Web/System SL/situational-awareness/backend/collectors/../data/cse/indices_latest.json
2025-12-08 09:09:56,590 INFO CSE collector finished
2025-12-08 09:09:58,946 INFO CSE collector started
2025-12-08 09:09:58,946 INFO Fetching summary from https://www.cse.lk/api/marketSummery
2025-12-08 09:10:03,071 ERROR Failed fetching summary: Expecting value: line 1 column 1 (char 0)
Traceback (most recent call last):
  File "/home/km/anaconda3/envs/TF/lib/python3.9/site-packages/requests/models.py", line 976, in json
    return complexjson.loads(self.text, **kwargs)
  File "/home/km/anaconda3/envs/TF/lib/python3.9/json/__init__.py", line 346, in loads
    return _default_decoder.decode(s)
  File "/home/km/anaconda3/envs/TF/lib/python3.9/json/decoder.py", line 337, in decode
    obj, end = self.raw_decode(s, idx=_w(s, 0).end())
  File "/home/km/anaconda3/envs/TF/lib/python3.9/json/decoder.py", line 355, in raw_decode
    raise JSONDecodeError("Expecting value", s, err.value) from None
json.decoder.JSONDecodeError: Expecting value: line 1 column 1 (char 0)

During handling of the above exception, another exception occurred:

Traceback (most recent call last):
  File "/home/km/Developments/Web/System SL/situational-awareness/backend/collectors/cse_collector.py", line 79, in fetch_and_save
    data = res.json()
  File "/home/km/anaconda3/envs/TF/lib/python3.9/site-packages/requests/models.py", line 980, in json
    raise RequestsJSONDecodeError(e.msg, e.doc, e.pos)
requests.exceptions.JSONDecodeError: Expecting value: line 1 column 1 (char 0)
2025-12-08 09:10:03,076 INFO Fetching status from https://www.cse.lk/api/marketStatus
2025-12-08 09:10:06,283 INFO Saved dict as single-row DataFrame
2025-12-08 09:10:06,287 INFO Saved to /home/km/Developments/Web/System SL/situational-awareness/backend/collectors/../data/cse/status_20251208_034006.csv and /home/km/Developments/Web/System SL/situational-awareness/backend/collectors/../data/cse/status_latest.json
2025-12-08 09:10:06,288 INFO Fetching prices from https://www.cse.lk/api/todaySharePrice
2025-12-08 09:10:09,252 INFO Fetched list with 0 rows
2025-12-08 09:10:09,256 INFO Saved to /home/km/Developments/Web/System SL/situational-awareness/backend/collectors/../data/cse/prices_20251208_034009.csv and /home/km/Developments/Web/System SL/situational-awareness/backend/collectors/../data/cse/prices_latest.json
2025-12-08 09:10:09,258 INFO Fetching gainers from https://www.cse.lk/api/topGainers
2025-12-08 09:10:10,049 INFO Fetched list with 0 rows
2025-12-08 09:10:10,051 INFO Saved to /home/km/Developments/Web/System SL/situational-awareness/backend/collectors/../data/cse/gainers_20251208_034010.csv and /home/km/Developments/Web/System SL/situational-awareness/backend/collectors/../data/cse/gainers_latest.json
2025-12-08 09:10:10,052 INFO Fetching losers from https://www.cse.lk/api/topLooses
2025-12-08 09:10:10,733 INFO Fetched list with 0 rows
2025-12-08 09:10:10,738 INFO Saved to /home/km/Developments/Web/System SL/situational-awareness/backend/collectors/../data/cse/losers_20251208_034010.csv and /home/km/Developments/Web/System SL/situational-awareness/backend/collectors/../data/cse/losers_latest.json
2025-12-08 09:10:10,741 INFO Fetching indices from https://www.cse.lk/api/marketIndices
2025-12-08 09:10:11,681 INFO Fetched list with 1 rows
2025-12-08 09:10:11,687 INFO Saved to /home/km/Developments/Web/System SL/situational-awareness/backend/collectors/../data/cse/indices_20251208_034011.csv and /home/km/Developments/Web/System SL/situational-awareness/backend/collectors/../data/cse/indices_latest.json
2025-12-08 09:10:11,690 INFO CSE collector finished
2025-12-08 09:10:48,613 INFO CSE collector started
2025-12-08 09:10:48,613 INFO Fetching summary from https://www.cse.lk/api/marketSummery
2025-12-08 09:10:49,541 ERROR Failed fetching summary: Expecting value: line 1 column 1 (char 0)
Traceback (most recent call last):
  File "/home/km/anaconda3/envs/TF/lib/python3.9/site-packages/requests/models.py", line 976, in json
    return complexjson.loads(self.text, **kwargs)
  File "/home/km/anaconda3/envs/TF/lib/python3.9/json/__init__.py", line 346, in loads
    return _default_decoder.decode(s)
  File "/home/km/anaconda3/envs/TF/lib/python3.9/json/decoder.py", line 337, in decode
    obj, end = self.raw_decode(s, idx=_w(s, 0).end())
  File "/home/km/anaconda3/envs/TF/lib/python3.9/json/decoder.py", line 355, in raw_decode
    raise JSONDecodeError("Expecting value", s, err.value) from None
json.decoder.JSONDecodeError: Expecting value: line 1 column 1 (char 0)

During handling of the above exception, another exception occurred:

Traceback (most recent call last):
  File "/home/km/Developments/Web/System SL/situational-awareness/backend/collectors/cse_collector.py", line 79, in fetch_and_save
    data = res.json()
  File "/home/km/anaconda3/envs/TF/lib/python3.9/site-packages/requests/models.py", line 980, in json
    raise RequestsJSONDecodeError(e.msg, e.doc, e.pos)
requests.exceptions.JSONDecodeError: Expecting value: line 1 column 1 (char 0)
2025-12-08 09:10:49,547 INFO Fetching status from https://www.cse.lk/api/marketStatus
2025-12-08 09:10:50,289 INFO Saved dict as single-row DataFrame
2025-12-08 09:10:50,294 INFO Saved to /home/km/Developments/Web/System SL/situational-awareness/backend/collectors/../data/cse/status_20251208_034050.csv and /home/km/Developments/Web/System SL/situational-awareness/backend/collectors/../data/cse/status_latest.json
2025-12-08 09:10:50,295 INFO Fetching prices from https://www.cse.lk/api/todaySharePrice
2025-12-08 09:10:50,880 INFO CSE collector started
2025-12-08 09:10:50,880 INFO Fetching summary from https://www.cse.lk/api/marketSummery
2025-12-08 09:10:51,014 INFO Fetched list with 0 rows
2025-12-08 09:10:51,015 WARNING No usable data found for prices (df empty)
2025-12-08 09:10:51,015 INFO Generating mock data for prices
2025-12-08 09:10:51,028 INFO Saved MOCK data to /home/km/Developments/Web/System SL/situational-awareness/backend/collectors/../data/cse/prices_latest.json
2025-12-08 09:10:51,031 INFO Fetching gainers from https://www.cse.lk/api/topGainers
2025-12-08 09:10:51,457 ERROR Failed fetching summary: Expecting value: line 1 column 1 (char 0)
Traceback (most recent call last):
  File "/home/km/anaconda3/envs/TF/lib/python3.9/site-packages/requests/models.py", line 976, in json
    return complexjson.loads(self.text, **kwargs)
  File "/home/km/anaconda3/envs/TF/lib/python3.9/json/__init__.py", line 346, in loads
    return _default_decoder.decode(s)
  File "/home/km/anaconda3/envs/TF/lib/python3.9/json/decoder.py", line 337, in decode
    obj, end = self.raw_decode(s, idx=_w(s, 0).end())
  File "/home/km/anaconda3/envs/TF/lib/python3.9/json/decoder.py", line 355, in raw_decode
    raise JSONDecodeError("Expecting value", s, err.value) from None
json.decoder.JSONDecodeError: Expecting value: line 1 column 1 (char 0)

During handling of the above exception, another exception occurred:

Traceback (most recent call last):
  File "/home/km/Developments/Web/System SL/situational-awareness/backend/collectors/cse_collector.py", line 79, in fetch_and_save
    data = res.json()
  File "/home/km/anaconda3/envs/TF/lib/python3.9/site-packages/requests/models.py", line 980, in json
    raise RequestsJSONDecodeError(e.msg, e.doc, e.pos)
requests.exceptions.JSONDecodeError: Expecting value: line 1 column 1 (char 0)
2025-12-08 09:10:51,463 INFO Fetching status from https://www.cse.lk/api/marketStatus
2025-12-08 09:10:51,575 INFO Fetched list with 0 rows
2025-12-08 09:10:51,575 WARNING No usable data found for gainers (df empty)
2025-12-08 09:10:51,575 INFO Generating mock data for gainers
2025-12-08 09:10:51,582 INFO Saved MOCK data to /home/km/Developments/Web/System SL/situational-awareness/backend/collectors/../data/cse/gainers_latest.json
2025-12-08 09:10:51,585 INFO Fetching losers from https://www.cse.lk/api/topLooses
2025-12-08 09:10:52,352 INFO Saved dict as single-row DataFrame
2025-12-08 09:10:52,366 INFO Saved to /home/km/Developments/Web/System SL/situational-awareness/backend/collectors/../data/cse/status_20251208_034052.csv and /home/km/Developments/Web/System SL/situational-awareness/backend/collectors/../data/cse/status_latest.json
2025-12-08 09:10:52,369 INFO Fetching prices from https://www.cse.lk/api/todaySharePrice
2025-12-08 09:10:52,423 INFO Fetched list with 0 rows
2025-12-08 09:10:52,424 WARNING No usable data found for losers (df empty)
2025-12-08 09:10:52,424 INFO Generating mock data for losers
2025-12-08 09:10:52,430 INFO Saved MOCK data to /home/km/Developments/Web/System SL/situational-awareness/backend/collectors/../data/cse/losers_latest.json
2025-12-08 09:10:52,432 INFO Fetching indices from https://www.cse.lk/api/marketIndices
2025-12-08 09:10:53,044 INFO Fetched list with 1 rows
2025-12-08 09:10:53,044 WARNING No usable data found for indices (df empty)
2025-12-08 09:10:53,044 INFO Generating mock data for indices
2025-12-08 09:10:53,046 INFO Fetched list with 0 rows
2025-12-08 09:10:53,047 WARNING No usable data found for prices (df empty)
2025-12-08 09:10:53,047 INFO Generating mock data for prices
2025-12-08 09:10:53,047 INFO CSE collector finished
2025-12-08 09:10:53,054 INFO Saved MOCK data to /home/km/Developments/Web/System SL/situational-awareness/backend/collectors/../data/cse/prices_latest.json
2025-12-08 09:10:53,056 INFO Fetching gainers from https://www.cse.lk/api/topGainers
2025-12-08 09:10:53,737 INFO Fetched list with 0 rows
2025-12-08 09:10:53,738 WARNING No usable data found for gainers (df empty)
2025-12-08 09:10:53,738 INFO Generating mock data for gainers
2025-12-08 09:10:53,741 INFO Saved MOCK data to /home/km/Developments/Web/System SL/situational-awareness/backend/collectors/../data/cse/gainers_latest.json
2025-12-08 09:10:53,742 INFO Fetching losers from https://www.cse.lk/api/topLooses
2025-12-08 09:10:54,475 INFO Fetched list with 0 rows
2025-12-08 09:10:54,475 WARNING No usable data found for losers (df empty)
2025-12-08 09:10:54,475 INFO Generating mock data for losers
2025-12-08 09:10:54,478 INFO Saved MOCK data to /home/km/Developments/Web/System SL/situational-awareness/backend/collectors/../data/cse/losers_latest.json
2025-12-08 09:10:54,479 INFO Fetching indices from https://www.cse.lk/api/marketIndices
2025-12-08 09:10:55,209 INFO Fetched list with 1 rows
2025-12-08 09:10:55,209 WARNING No usable data found for indices (df empty)
2025-12-08 09:10:55,209 INFO Generating mock data for indices
2025-12-08 09:10:55,210 INFO CSE collector finished
2025-12-08 09:16:00,048 INFO CSE collector started
2025-12-08 09:16:00,048 INFO Fetching summary from https://www.cse.lk/api/marketSummery
2025-12-08 09:16:01,205 ERROR Failed fetching summary: Expecting value: line 1 column 1 (char 0)
Traceback (most recent call last):
  File "/home/km/anaconda3/envs/TF/lib/python3.9/site-packages/requests/models.py", line 976, in json
    return complexjson.loads(self.text, **kwargs)
  File "/home/km/anaconda3/envs/TF/lib/python3.9/json/__init__.py", line 346, in loads
    return _default_decoder.decode(s)
  File "/home/km/anaconda3/envs/TF/lib/python3.9/json/decoder.py", line 337, in decode
    obj, end = self.raw_decode(s, idx=_w(s, 0).end())
  File "/home/km/anaconda3/envs/TF/lib/python3.9/json/decoder.py", line 355, in raw_decode
    raise JSONDecodeError("Expecting value", s, err.value) from None
json.decoder.JSONDecodeError: Expecting value: line 1 column 1 (char 0)

During handling of the above exception, another exception occurred:

Traceback (most recent call last):
  File "/home/km/Developments/Web/System SL/situational-awareness/backend/collectors/cse_collector.py", line 79, in fetch_and_save
    data = res.json()
  File "/home/km/anaconda3/envs/TF/lib/python3.9/site-packages/requests/models.py", line 980, in json
    raise RequestsJSONDecodeError(e.msg, e.doc, e.pos)
requests.exceptions.JSONDecodeError: Expecting value: line 1 column 1 (char 0)
2025-12-08 09:16:01,209 INFO Fetching status from https://www.cse.lk/api/marketStatus
2025-12-08 09:16:02,183 INFO Saved dict as single-row DataFrame
2025-12-08 09:16:02,195 INFO Saved to /home/km/Developments/Web/System SL/situational-awareness/backend/collectors/../data/cse/status_20251208_034602.csv and /home/km/Developments/Web/System SL/situational-awareness/backend/collectors/../data/cse/status_latest.json
2025-12-08 09:16:02,198 INFO Fetching prices from https://www.cse.lk/api/todaySharePrice
2025-12-08 09:16:02,883 INFO Fetched list with 0 rows
2025-12-08 09:16:02,883 WARNING No usable data found for prices (df empty)
2025-12-08 09:16:02,884 INFO Generating mock data for prices
2025-12-08 09:16:02,893 INFO Saved MOCK data to /home/km/Developments/Web/System SL/situational-awareness/backend/collectors/../data/cse/prices_latest.json
2025-12-08 09:16:02,896 INFO Fetching gainers from https://www.cse.lk/api/topGainers
2025-12-08 09:16:03,831 INFO Fetched list with 0 rows
2025-12-08 09:16:03,831 WARNING No usable data found for gainers (df empty)
2025-12-08 09:16:03,831 INFO Generating mock data for gainers
2025-12-08 09:16:03,839 INFO Saved MOCK data to /home/km/Developments/Web/System SL/situational-awareness/backend/collectors/../data/cse/gainers_latest.json
2025-12-08 09:16:03,842 INFO Fetching losers from https://www.cse.lk/api/topLooses
2025-12-08 09:16:04,750 INFO Fetched list with 0 rows
2025-12-08 09:16:04,750 WARNING No usable data found for losers (df empty)
2025-12-08 09:16:04,750 INFO Generating mock data for losers
2025-12-08 09:16:04,754 INFO Saved MOCK data to /home/km/Developments/Web/System SL/situational-awareness/backend/collectors/../data/cse/losers_latest.json
2025-12-08 09:16:04,755 INFO Fetching indices from https://www.cse.lk/api/marketIndices
2025-12-08 09:16:05,566 INFO Fetched list with 1 rows
2025-12-08 09:16:05,567 WARNING No usable data found for indices (df empty)
2025-12-08 09:16:05,567 INFO Generating mock data for indices
2025-12-08 09:16:05,568 INFO CSE collector finished
2025-12-08 09:17:20,065 INFO CSE collector started
2025-12-08 09:17:20,065 INFO Fetching summary from https://www.cse.lk/api/marketSummery
2025-12-08 09:17:21,046 ERROR Failed fetching summary: Expecting value: line 1 column 1 (char 0)
Traceback (most recent call last):
  File "/home/km/anaconda3/envs/TF/lib/python3.9/site-packages/requests/models.py", line 976, in json
    return complexjson.loads(self.text, **kwargs)
  File "/home/km/anaconda3/envs/TF/lib/python3.9/json/__init__.py", line 346, in loads
    return _default_decoder.decode(s)
  File "/home/km/anaconda3/envs/TF/lib/python3.9/json/decoder.py", line 337, in decode
    obj, end = self.raw_decode(s, idx=_w(s, 0).end())
  File "/home/km/anaconda3/envs/TF/lib/python3.9/json/decoder.py", line 355, in raw_decode
    raise JSONDecodeError("Expecting value", s, err.value) from None
json.decoder.JSONDecodeError: Expecting value: line 1 column 1 (char 0)

During handling of the above exception, another exception occurred:

Traceback (most recent call last):
  File "/home/km/Developments/Web/System SL/situational-awareness/backend/collectors/cse_collector.py", line 79, in fetch_and_save
    data = res.json()
  File "/home/km/anaconda3/envs/TF/lib/python3.9/site-packages/requests/models.py", line 980, in json
    raise RequestsJSONDecodeError(e.msg, e.doc, e.pos)
requests.exceptions.JSONDecodeError: Expecting value: line 1 column 1 (char 0)
2025-12-08 09:17:21,052 INFO Fetching status from https://www.cse.lk/api/marketStatus
2025-12-08 09:17:21,876 INFO Saved dict as single-row DataFrame
2025-12-08 09:17:21,881 INFO Saved to /home/km/Developments/Web/System SL/situational-awareness/backend/collectors/../data/cse/status_20251208_034721.csv and /home/km/Developments/Web/System SL/situational-awareness/backend/collectors/../data/cse/status_latest.json
2025-12-08 09:17:21,882 INFO Fetching prices from https://www.cse.lk/api/todaySharePrice
2025-12-08 09:17:22,680 INFO Fetched list with 0 rows
2025-12-08 09:17:22,680 WARNING No usable data found for prices (df empty)
2025-12-08 09:17:22,681 INFO Generating mock data for prices
2025-12-08 09:17:22,691 INFO Saved MOCK data to /home/km/Developments/Web/System SL/situational-awareness/backend/collectors/../data/cse/prices_latest.json
2025-12-08 09:17:22,695 INFO Fetching gainers from https://www.cse.lk/api/topGainers
2025-12-08 09:17:23,595 INFO Fetched list with 0 rows
2025-12-08 09:17:23,595 WARNING No usable data found for gainers (df empty)
2025-12-08 09:17:23,595 INFO Generating mock data for gainers
2025-12-08 09:17:23,602 INFO Saved MOCK data to /home/km/Developments/Web/System SL/situational-awareness/backend/collectors/../data/cse/gainers_latest.json
2025-12-08 09:17:23,605 INFO Fetching losers from https://www.cse.lk/api/topLooses
2025-12-08 09:17:24,406 INFO Fetched list with 0 rows
2025-12-08 09:17:24,407 WARNING No usable data found for losers (df empty)
2025-12-08 09:17:24,407 INFO Generating mock data for losers
2025-12-08 09:17:24,414 INFO Saved MOCK data to /home/km/Developments/Web/System SL/situational-awareness/backend/collectors/../data/cse/losers_latest.json
2025-12-08 09:17:24,417 INFO Fetching indices from https://www.cse.lk/api/marketIndices
2025-12-08 09:17:25,337 INFO Fetched list with 1 rows
2025-12-08 09:17:25,337 WARNING No usable data found for indices (df empty)
2025-12-08 09:17:25,337 INFO Generating mock data for indices
2025-12-08 09:17:25,338 INFO CSE collector finished
2025-12-08 09:22:29,212 INFO CSE collector started
2025-12-08 09:22:29,212 INFO Fetching summary from https://www.cse.lk/api/marketSummery
2025-12-08 09:22:30,084 ERROR Failed fetching summary: Expecting value: line 1 column 1 (char 0)
Traceback (most recent call last):
  File "/home/km/anaconda3/envs/TF/lib/python3.9/site-packages/requests/models.py", line 976, in json
    return complexjson.loads(self.text, **kwargs)
  File "/home/km/anaconda3/envs/TF/lib/python3.9/json/__init__.py", line 346, in loads
    return _default_decoder.decode(s)
  File "/home/km/anaconda3/envs/TF/lib/python3.9/json/decoder.py", line 337, in decode
    obj, end = self.raw_decode(s, idx=_w(s, 0).end())
  File "/home/km/anaconda3/envs/TF/lib/python3.9/json/decoder.py", line 355, in raw_decode
    raise JSONDecodeError("Expecting value", s, err.value) from None
json.decoder.JSONDecodeError: Expecting value: line 1 column 1 (char 0)

During handling of the above exception, another exception occurred:

Traceback (most recent call last):
  File "/home/km/Developments/Web/System SL/situational-awareness/backend/collectors/cse_collector.py", line 79, in fetch_and_save
    data = res.json()
  File "/home/km/anaconda3/envs/TF/lib/python3.9/site-packages/requests/models.py", line 980, in json
    raise RequestsJSONDecodeError(e.msg, e.doc, e.pos)
requests.exceptions.JSONDecodeError: Expecting value: line 1 column 1 (char 0)
2025-12-08 09:22:30,088 INFO Fetching status from https://www.cse.lk/api/marketStatus
2025-12-08 09:22:31,006 INFO Saved dict as single-row DataFrame
2025-12-08 09:22:31,018 INFO Saved to /home/km/Developments/Web/System SL/situational-awareness/backend/collectors/../data/cse/status_20251208_035231.csv and /home/km/Developments/Web/System SL/situational-awareness/backend/collectors/../data/cse/status_latest.json
2025-12-08 09:22:31,021 INFO Fetching prices from https://www.cse.lk/api/todaySharePrice
2025-12-08 09:22:32,017 INFO Fetched list with 0 rows
2025-12-08 09:22:32,018 WARNING No usable data found for prices (df empty)
2025-12-08 09:22:32,018 INFO Generating mock data for prices
2025-12-08 09:22:32,022 INFO Saved MOCK data to /home/km/Developments/Web/System SL/situational-awareness/backend/collectors/../data/cse/prices_latest.json
2025-12-08 09:22:32,023 INFO Fetching gainers from https://www.cse.lk/api/topGainers
2025-12-08 09:22:32,859 INFO Fetched list with 0 rows
2025-12-08 09:22:32,859 WARNING No usable data found for gainers (df empty)
2025-12-08 09:22:32,859 INFO Generating mock data for gainers
2025-12-08 09:22:32,870 INFO Saved MOCK data to /home/km/Developments/Web/System SL/situational-awareness/backend/collectors/../data/cse/gainers_latest.json
2025-12-08 09:22:32,874 INFO Fetching losers from https://www.cse.lk/api/topLooses
2025-12-08 09:22:33,670 INFO Fetched list with 0 rows
2025-12-08 09:22:33,670 WARNING No usable data found for losers (df empty)
2025-12-08 09:22:33,670 INFO Generating mock data for losers
2025-12-08 09:22:33,678 INFO Saved MOCK data to /home/km/Developments/Web/System SL/situational-awareness/backend/collectors/../data/cse/losers_latest.json
2025-12-08 09:22:33,681 INFO Fetching indices from https://www.cse.lk/api/marketIndices
2025-12-08 09:22:34,382 INFO Fetched list with 1 rows
2025-12-08 09:22:34,383 WARNING No usable data found for indices (df empty)
2025-12-08 09:22:34,383 INFO Generating mock data for indices
2025-12-08 09:22:34,384 INFO CSE collector finished
2025-12-08 09:26:42,215 INFO CSE collector started
2025-12-08 09:26:42,215 INFO Fetching summary from https://www.cse.lk/api/marketSummery
2025-12-08 09:26:43,344 ERROR Failed fetching summary: Expecting value: line 1 column 1 (char 0)
Traceback (most recent call last):
  File "/home/km/anaconda3/envs/TF/lib/python3.9/site-packages/requests/models.py", line 976, in json
    return complexjson.loads(self.text, **kwargs)
  File "/home/km/anaconda3/envs/TF/lib/python3.9/json/__init__.py", line 346, in loads
    return _default_decoder.decode(s)
  File "/home/km/anaconda3/envs/TF/lib/python3.9/json/decoder.py", line 337, in decode
    obj, end = self.raw_decode(s, idx=_w(s, 0).end())
  File "/home/km/anaconda3/envs/TF/lib/python3.9/json/decoder.py", line 355, in raw_decode
    raise JSONDecodeError("Expecting value", s, err.value) from None
json.decoder.JSONDecodeError: Expecting value: line 1 column 1 (char 0)

During handling of the above exception, another exception occurred:

Traceback (most recent call last):
  File "/home/km/Developments/Web/System SL/situational-awareness/backend/collectors/cse_collector.py", line 49, in fetch_and_save
    try:
  File "/home/km/anaconda3/envs/TF/lib/python3.9/site-packages/requests/models.py", line 980, in json
    raise RequestsJSONDecodeError(e.msg, e.doc, e.pos)
requests.exceptions.JSONDecodeError: Expecting value: line 1 column 1 (char 0)
2025-12-08 09:26:43,346 INFO Fetching status from https://www.cse.lk/api/marketStatus
2025-12-08 09:26:44,951 INFO Saved dict as single-row DataFrame
2025-12-08 09:26:44,957 INFO Saved to /home/km/Developments/Web/System SL/situational-awareness/backend/collectors/../data/cse/status_20251208_035644.csv and /home/km/Developments/Web/System SL/situational-awareness/backend/collectors/../data/cse/status_latest.json
2025-12-08 09:26:44,958 INFO Fetching prices from https://www.cse.lk/api/todaySharePrice
2025-12-08 09:26:46,686 INFO Fetched list with 0 rows
2025-12-08 09:26:46,687 WARNING No usable data found for prices (df empty)
2025-12-08 09:26:46,687 INFO Generating mock data for prices
2025-12-08 09:26:46,687 ERROR Failed fetching prices: name 'generate_mock_data' is not defined
Traceback (most recent call last):
  File "/home/km/Developments/Web/System SL/situational-awareness/backend/collectors/cse_collector.py", line 83, in fetch_and_save
    # Fallback to Saved Data if API returns empty
NameError: name 'generate_mock_data' is not defined
2025-12-08 09:26:46,690 INFO Fetching gainers from https://www.cse.lk/api/topGainers
2025-12-08 09:26:48,158 INFO Fetched list with 0 rows
2025-12-08 09:26:48,158 WARNING No usable data found for gainers (df empty)
2025-12-08 09:26:48,158 INFO Generating mock data for gainers
2025-12-08 09:26:48,159 ERROR Failed fetching gainers: name 'generate_mock_data' is not defined
Traceback (most recent call last):
  File "/home/km/Developments/Web/System SL/situational-awareness/backend/collectors/cse_collector.py", line 83, in fetch_and_save
    # Fallback to Saved Data if API returns empty
NameError: name 'generate_mock_data' is not defined
2025-12-08 09:26:48,162 INFO Fetching losers from https://www.cse.lk/api/topLooses
2025-12-08 09:26:48,924 INFO CSE collector started
2025-12-08 09:26:48,925 INFO Fetching summary from https://www.cse.lk/api/marketSummery
2025-12-08 09:26:48,946 INFO Fetched list with 0 rows
2025-12-08 09:26:48,947 WARNING No usable data found for losers (df empty)
2025-12-08 09:26:48,947 INFO Generating mock data for losers
2025-12-08 09:26:48,947 ERROR Failed fetching losers: name 'generate_mock_data' is not defined
Traceback (most recent call last):
  File "/home/km/Developments/Web/System SL/situational-awareness/backend/collectors/cse_collector.py", line 83, in fetch_and_save
    # Fallback to Saved Data if API returns empty
NameError: name 'generate_mock_data' is not defined
2025-12-08 09:26:48,950 INFO Fetching indices from https://www.cse.lk/api/marketIndices
2025-12-08 09:26:49,874 INFO Fetched list with 1 rows
2025-12-08 09:26:49,874 WARNING No usable data found for indices (df empty)
2025-12-08 09:26:49,874 INFO Generating mock data for indices
2025-12-08 09:26:49,874 ERROR Failed fetching indices: name 'generate_mock_data' is not defined
Traceback (most recent call last):
  File "/home/km/Developments/Web/System SL/situational-awareness/backend/collectors/cse_collector.py", line 83, in fetch_and_save
    # Fallback to Saved Data if API returns empty
NameError: name 'generate_mock_data' is not defined
2025-12-08 09:26:49,877 INFO CSE collector finished
2025-12-08 09:26:49,876 ERROR Failed fetching summary: Expecting value: line 1 column 1 (char 0)
Traceback (most recent call last):
  File "/home/km/anaconda3/envs/TF/lib/python3.9/site-packages/requests/models.py", line 976, in json
    return complexjson.loads(self.text, **kwargs)
  File "/home/km/anaconda3/envs/TF/lib/python3.9/json/__init__.py", line 346, in loads
    return _default_decoder.decode(s)
  File "/home/km/anaconda3/envs/TF/lib/python3.9/json/decoder.py", line 337, in decode
    obj, end = self.raw_decode(s, idx=_w(s, 0).end())
  File "/home/km/anaconda3/envs/TF/lib/python3.9/json/decoder.py", line 355, in raw_decode
    raise JSONDecodeError("Expecting value", s, err.value) from None
json.decoder.JSONDecodeError: Expecting value: line 1 column 1 (char 0)

During handling of the above exception, another exception occurred:

Traceback (most recent call last):
  File "/home/km/Developments/Web/System SL/situational-awareness/backend/collectors/cse_collector.py", line 51, in fetch_and_save
    data = res.json()
  File "/home/km/anaconda3/envs/TF/lib/python3.9/site-packages/requests/models.py", line 980, in json
    raise RequestsJSONDecodeError(e.msg, e.doc, e.pos)
requests.exceptions.JSONDecodeError: Expecting value: line 1 column 1 (char 0)
2025-12-08 09:26:49,882 INFO Fetching status from https://www.cse.lk/api/marketStatus
2025-12-08 09:26:50,588 INFO Saved dict as single-row DataFrame
2025-12-08 09:26:50,593 INFO Saved to /home/km/Developments/Web/System SL/situational-awareness/backend/collectors/../data/cse/status_20251208_035650.csv and /home/km/Developments/Web/System SL/situational-awareness/backend/collectors/../data/cse/status_latest.json
2025-12-08 09:26:50,594 INFO Fetching prices from https://www.cse.lk/api/todaySharePrice
2025-12-08 09:26:51,412 INFO Fetched list with 0 rows
2025-12-08 09:26:51,412 WARNING No usable data found for prices (df empty)
2025-12-08 09:26:51,413 INFO Attempting to load saved data for prices
2025-12-08 09:26:51,413 ERROR Failed fetching prices: name 'get_latest_saved_data' is not defined
Traceback (most recent call last):
  File "/home/km/Developments/Web/System SL/situational-awareness/backend/collectors/cse_collector.py", line 85, in fetch_and_save
    df = get_latest_saved_data(name)
NameError: name 'get_latest_saved_data' is not defined
2025-12-08 09:26:51,416 INFO Fetching gainers from https://www.cse.lk/api/topGainers
2025-12-08 09:26:52,190 INFO Fetched list with 0 rows
2025-12-08 09:26:52,191 WARNING No usable data found for gainers (df empty)
2025-12-08 09:26:52,191 INFO Attempting to load saved data for gainers
2025-12-08 09:26:52,191 ERROR Failed fetching gainers: name 'get_latest_saved_data' is not defined
Traceback (most recent call last):
  File "/home/km/Developments/Web/System SL/situational-awareness/backend/collectors/cse_collector.py", line 85, in fetch_and_save
    df = get_latest_saved_data(name)
NameError: name 'get_latest_saved_data' is not defined
2025-12-08 09:26:52,192 INFO Fetching losers from https://www.cse.lk/api/topLooses
2025-12-08 09:26:52,943 INFO Fetched list with 0 rows
2025-12-08 09:26:52,944 WARNING No usable data found for losers (df empty)
2025-12-08 09:26:52,944 INFO Attempting to load saved data for losers
2025-12-08 09:26:52,944 ERROR Failed fetching losers: name 'get_latest_saved_data' is not defined
Traceback (most recent call last):
  File "/home/km/Developments/Web/System SL/situational-awareness/backend/collectors/cse_collector.py", line 85, in fetch_and_save
    df = get_latest_saved_data(name)
NameError: name 'get_latest_saved_data' is not defined
2025-12-08 09:26:52,945 INFO Fetching indices from https://www.cse.lk/api/marketIndices
2025-12-08 09:26:53,907 INFO Fetched list with 1 rows
2025-12-08 09:26:53,907 WARNING No usable data found for indices (df empty)
2025-12-08 09:26:53,907 INFO Attempting to load saved data for indices
2025-12-08 09:26:53,907 ERROR Failed fetching indices: name 'get_latest_saved_data' is not defined
Traceback (most recent call last):
  File "/home/km/Developments/Web/System SL/situational-awareness/backend/collectors/cse_collector.py", line 85, in fetch_and_save
    df = get_latest_saved_data(name)
NameError: name 'get_latest_saved_data' is not defined
2025-12-08 09:26:53,911 INFO CSE collector finished
2025-12-08 09:27:36,521 INFO CSE collector started
2025-12-08 09:27:36,521 INFO Fetching summary from https://www.cse.lk/api/marketSummery
2025-12-08 09:27:37,282 ERROR Failed fetching summary: Expecting value: line 1 column 1 (char 0)
Traceback (most recent call last):
  File "/home/km/anaconda3/envs/TF/lib/python3.9/site-packages/requests/models.py", line 976, in json
    return complexjson.loads(self.text, **kwargs)
  File "/home/km/anaconda3/envs/TF/lib/python3.9/json/__init__.py", line 346, in loads
    return _default_decoder.decode(s)
  File "/home/km/anaconda3/envs/TF/lib/python3.9/json/decoder.py", line 337, in decode
    obj, end = self.raw_decode(s, idx=_w(s, 0).end())
  File "/home/km/anaconda3/envs/TF/lib/python3.9/json/decoder.py", line 355, in raw_decode
    raise JSONDecodeError("Expecting value", s, err.value) from None
json.decoder.JSONDecodeError: Expecting value: line 1 column 1 (char 0)

During handling of the above exception, another exception occurred:

Traceback (most recent call last):
  File "/home/km/Developments/Web/System SL/situational-awareness/backend/collectors/cse_collector.py", line 70, in fetch_and_save
    data = res.json()
  File "/home/km/anaconda3/envs/TF/lib/python3.9/site-packages/requests/models.py", line 980, in json
    raise RequestsJSONDecodeError(e.msg, e.doc, e.pos)
requests.exceptions.JSONDecodeError: Expecting value: line 1 column 1 (char 0)
2025-12-08 09:27:37,284 INFO Fetching status from https://www.cse.lk/api/marketStatus
2025-12-08 09:27:37,999 INFO Saved dict as single-row DataFrame
2025-12-08 09:27:38,004 INFO Saved to /home/km/Developments/Web/System SL/situational-awareness/backend/collectors/../data/cse/status_20251208_035738.csv and /home/km/Developments/Web/System SL/situational-awareness/backend/collectors/../data/cse/status_latest.json
2025-12-08 09:27:38,005 INFO Fetching prices from https://www.cse.lk/api/todaySharePrice
2025-12-08 09:27:38,722 INFO Fetched list with 0 rows
2025-12-08 09:27:38,722 WARNING No usable data found for prices (df empty)
2025-12-08 09:27:38,723 INFO Attempting to load saved data for prices
2025-12-08 09:27:38,725 INFO Loading fallback data from /home/km/Developments/Web/System SL/situational-awareness/backend/collectors/../data/cse/prices_20251208_035232.csv
2025-12-08 09:27:38,733 INFO Restored saved data to /home/km/Developments/Web/System SL/situational-awareness/backend/collectors/../data/cse/prices_latest.json
2025-12-08 09:27:38,736 INFO Fetching gainers from https://www.cse.lk/api/topGainers
2025-12-08 09:27:39,522 INFO Fetched list with 0 rows
2025-12-08 09:27:39,522 WARNING No usable data found for gainers (df empty)
2025-12-08 09:27:39,522 INFO Attempting to load saved data for gainers
2025-12-08 09:27:39,524 INFO Loading fallback data from /home/km/Developments/Web/System SL/situational-awareness/backend/collectors/../data/cse/gainers_20251208_035232.csv
2025-12-08 09:27:39,529 INFO Restored saved data to /home/km/Developments/Web/System SL/situational-awareness/backend/collectors/../data/cse/gainers_latest.json
2025-12-08 09:27:39,531 INFO Fetching losers from https://www.cse.lk/api/topLooses
2025-12-08 09:27:40,334 INFO Fetched list with 0 rows
2025-12-08 09:27:40,334 WARNING No usable data found for losers (df empty)
2025-12-08 09:27:40,335 INFO Attempting to load saved data for losers
2025-12-08 09:27:40,337 INFO Loading fallback data from /home/km/Developments/Web/System SL/situational-awareness/backend/collectors/../data/cse/losers_20251208_035233.csv
2025-12-08 09:27:40,346 INFO Restored saved data to /home/km/Developments/Web/System SL/situational-awareness/backend/collectors/../data/cse/losers_latest.json
2025-12-08 09:27:40,350 INFO Fetching indices from https://www.cse.lk/api/marketIndices
2025-12-08 09:27:41,485 INFO Fetched list with 1 rows
2025-12-08 09:27:41,485 WARNING No usable data found for indices (df empty)
2025-12-08 09:27:41,485 INFO Attempting to load saved data for indices
2025-12-08 09:27:41,486 INFO Loading fallback data from /home/km/Developments/Web/System SL/situational-awareness/backend/collectors/../data/cse/indices_20251208_034011.csv
2025-12-08 09:27:41,489 INFO Restored saved data to /home/km/Developments/Web/System SL/situational-awareness/backend/collectors/../data/cse/indices_latest.json
2025-12-08 09:27:41,490 INFO CSE collector finished
2025-12-08 09:27:43,200 INFO CSE collector started
2025-12-08 09:27:43,200 INFO Fetching summary from https://www.cse.lk/api/marketSummery
2025-12-08 09:27:45,257 ERROR Failed fetching summary: Expecting value: line 1 column 1 (char 0)
Traceback (most recent call last):
  File "/home/km/anaconda3/envs/TF/lib/python3.9/site-packages/requests/models.py", line 976, in json
    return complexjson.loads(self.text, **kwargs)
  File "/home/km/anaconda3/envs/TF/lib/python3.9/json/__init__.py", line 346, in loads
    return _default_decoder.decode(s)
  File "/home/km/anaconda3/envs/TF/lib/python3.9/json/decoder.py", line 337, in decode
    obj, end = self.raw_decode(s, idx=_w(s, 0).end())
  File "/home/km/anaconda3/envs/TF/lib/python3.9/json/decoder.py", line 355, in raw_decode
    raise JSONDecodeError("Expecting value", s, err.value) from None
json.decoder.JSONDecodeError: Expecting value: line 1 column 1 (char 0)

During handling of the above exception, another exception occurred:

Traceback (most recent call last):
  File "/home/km/Developments/Web/System SL/situational-awareness/backend/collectors/cse_collector.py", line 70, in fetch_and_save
    data = res.json()
  File "/home/km/anaconda3/envs/TF/lib/python3.9/site-packages/requests/models.py", line 980, in json
    raise RequestsJSONDecodeError(e.msg, e.doc, e.pos)
requests.exceptions.JSONDecodeError: Expecting value: line 1 column 1 (char 0)
2025-12-08 09:27:45,260 INFO Fetching status from https://www.cse.lk/api/marketStatus
2025-12-08 09:27:47,652 INFO Saved dict as single-row DataFrame
2025-12-08 09:27:47,663 INFO Saved to /home/km/Developments/Web/System SL/situational-awareness/backend/collectors/../data/cse/status_20251208_035747.csv and /home/km/Developments/Web/System SL/situational-awareness/backend/collectors/../data/cse/status_latest.json
2025-12-08 09:27:47,667 INFO Fetching prices from https://www.cse.lk/api/todaySharePrice
2025-12-08 09:27:48,449 INFO Fetched list with 0 rows
2025-12-08 09:27:48,450 WARNING No usable data found for prices (df empty)
2025-12-08 09:27:48,450 INFO Attempting to load saved data for prices
2025-12-08 09:27:48,453 INFO Loading fallback data from /home/km/Developments/Web/System SL/situational-awareness/backend/collectors/../data/cse/prices_20251208_035232.csv
2025-12-08 09:27:48,460 INFO Restored saved data to /home/km/Developments/Web/System SL/situational-awareness/backend/collectors/../data/cse/prices_latest.json
2025-12-08 09:27:48,463 INFO Fetching gainers from https://www.cse.lk/api/topGainers
2025-12-08 09:27:49,167 INFO Fetched list with 0 rows
2025-12-08 09:27:49,167 WARNING No usable data found for gainers (df empty)
2025-12-08 09:27:49,168 INFO Attempting to load saved data for gainers
2025-12-08 09:27:49,171 INFO Loading fallback data from /home/km/Developments/Web/System SL/situational-awareness/backend/collectors/../data/cse/gainers_20251208_035232.csv
2025-12-08 09:27:49,178 INFO Restored saved data to /home/km/Developments/Web/System SL/situational-awareness/backend/collectors/../data/cse/gainers_latest.json
2025-12-08 09:27:49,181 INFO Fetching losers from https://www.cse.lk/api/topLooses
2025-12-08 09:27:50,092 INFO Fetched list with 0 rows
2025-12-08 09:27:50,092 WARNING No usable data found for losers (df empty)
2025-12-08 09:27:50,092 INFO Attempting to load saved data for losers
2025-12-08 09:27:50,094 INFO Loading fallback data from /home/km/Developments/Web/System SL/situational-awareness/backend/collectors/../data/cse/losers_20251208_035233.csv
2025-12-08 09:27:50,099 INFO Restored saved data to /home/km/Developments/Web/System SL/situational-awareness/backend/collectors/../data/cse/losers_latest.json
2025-12-08 09:27:50,101 INFO Fetching indices from https://www.cse.lk/api/marketIndices
2025-12-08 09:27:50,706 INFO Fetched list with 1 rows
2025-12-08 09:27:50,707 WARNING No usable data found for indices (df empty)
2025-12-08 09:27:50,707 INFO Attempting to load saved data for indices
2025-12-08 09:27:50,709 INFO Loading fallback data from /home/km/Developments/Web/System SL/situational-awareness/backend/collectors/../data/cse/indices_20251208_034011.csv
2025-12-08 09:27:50,715 INFO Restored saved data to /home/km/Developments/Web/System SL/situational-awareness/backend/collectors/../data/cse/indices_latest.json
2025-12-08 09:27:50,718 INFO CSE collector finished
2025-12-08 09:32:48,260 INFO CSE collector started
2025-12-08 09:32:48,260 INFO Fetching summary from https://www.cse.lk/api/marketSummery
2025-12-08 09:32:48,909 INFO Saved dict as single-row DataFrame
2025-12-08 09:32:48,919 INFO Saved to /home/km/Developments/Web/System SL/situational-awareness/backend/collectors/../data/cse/summary_20251208_040248.csv and /home/km/Developments/Web/System SL/situational-awareness/backend/collectors/../data/cse/summary_latest.json
2025-12-08 09:32:48,922 INFO Fetching status from https://www.cse.lk/api/marketStatus
2025-12-08 09:32:49,659 INFO Saved dict as single-row DataFrame
2025-12-08 09:32:49,665 INFO Saved to /home/km/Developments/Web/System SL/situational-awareness/backend/collectors/../data/cse/status_20251208_040249.csv and /home/km/Developments/Web/System SL/situational-awareness/backend/collectors/../data/cse/status_latest.json
2025-12-08 09:32:49,668 INFO Fetching prices from https://www.cse.lk/api/todaySharePrice
2025-12-08 09:32:50,534 INFO Fetched list with 10 rows
2025-12-08 09:32:50,540 INFO Saved to /home/km/Developments/Web/System SL/situational-awareness/backend/collectors/../data/cse/prices_20251208_040250.csv and /home/km/Developments/Web/System SL/situational-awareness/backend/collectors/../data/cse/prices_latest.json
2025-12-08 09:32:50,543 INFO Fetching gainers from https://www.cse.lk/api/topGainers
2025-12-08 09:32:51,244 INFO Fetched list with 10 rows
2025-12-08 09:32:51,249 INFO Saved to /home/km/Developments/Web/System SL/situational-awareness/backend/collectors/../data/cse/gainers_20251208_040251.csv and /home/km/Developments/Web/System SL/situational-awareness/backend/collectors/../data/cse/gainers_latest.json
2025-12-08 09:32:51,251 INFO Fetching losers from https://www.cse.lk/api/topLooses
2025-12-08 09:32:51,964 INFO Fetched list with 10 rows
2025-12-08 09:32:51,970 INFO Saved to /home/km/Developments/Web/System SL/situational-awareness/backend/collectors/../data/cse/losers_20251208_040251.csv and /home/km/Developments/Web/System SL/situational-awareness/backend/collectors/../data/cse/losers_latest.json
2025-12-08 09:32:51,972 INFO Fetching indices from https://www.cse.lk/api/marketIndices
2025-12-08 09:32:52,777 INFO Fetched list with 1 rows
2025-12-08 09:32:52,787 INFO Saved to /home/km/Developments/Web/System SL/situational-awareness/backend/collectors/../data/cse/indices_20251208_040252.csv and /home/km/Developments/Web/System SL/situational-awareness/backend/collectors/../data/cse/indices_latest.json
2025-12-08 09:32:52,790 INFO CSE collector finished
2025-12-08 09:37:57,638 INFO CSE collector started
2025-12-08 09:37:57,638 INFO Fetching summary from https://www.cse.lk/api/marketSummery
2025-12-08 09:37:58,552 INFO Saved dict as single-row DataFrame
2025-12-08 09:37:58,566 INFO Saved to /home/km/Developments/Web/System SL/situational-awareness/backend/collectors/../data/cse/summary_20251208_040758.csv and /home/km/Developments/Web/System SL/situational-awareness/backend/collectors/../data/cse/summary_latest.json
2025-12-08 09:37:58,569 INFO Fetching status from https://www.cse.lk/api/marketStatus
2025-12-08 09:37:59,486 INFO Saved dict as single-row DataFrame
2025-12-08 09:37:59,492 INFO Saved to /home/km/Developments/Web/System SL/situational-awareness/backend/collectors/../data/cse/status_20251208_040759.csv and /home/km/Developments/Web/System SL/situational-awareness/backend/collectors/../data/cse/status_latest.json
2025-12-08 09:37:59,495 INFO Fetching prices from https://www.cse.lk/api/todaySharePrice
2025-12-08 09:38:00,356 INFO Fetched list with 10 rows
2025-12-08 09:38:00,361 INFO Saved to /home/km/Developments/Web/System SL/situational-awareness/backend/collectors/../data/cse/prices_20251208_040800.csv and /home/km/Developments/Web/System SL/situational-awareness/backend/collectors/../data/cse/prices_latest.json
2025-12-08 09:38:00,363 INFO Fetching gainers from https://www.cse.lk/api/topGainers
2025-12-08 09:38:01,129 INFO Fetched list with 10 rows
2025-12-08 09:38:01,136 INFO Saved to /home/km/Developments/Web/System SL/situational-awareness/backend/collectors/../data/cse/gainers_20251208_040801.csv and /home/km/Developments/Web/System SL/situational-awareness/backend/collectors/../data/cse/gainers_latest.json
2025-12-08 09:38:01,140 INFO Fetching losers from https://www.cse.lk/api/topLooses
2025-12-08 09:38:01,915 INFO Fetched list with 10 rows
2025-12-08 09:38:01,925 INFO Saved to /home/km/Developments/Web/System SL/situational-awareness/backend/collectors/../data/cse/losers_20251208_040801.csv and /home/km/Developments/Web/System SL/situational-awareness/backend/collectors/../data/cse/losers_latest.json
2025-12-08 09:38:01,929 INFO Fetching indices from https://www.cse.lk/api/marketIndices
2025-12-08 09:38:02,622 INFO Fetched list with 1 rows
2025-12-08 09:38:02,627 INFO Saved to /home/km/Developments/Web/System SL/situational-awareness/backend/collectors/../data/cse/indices_20251208_040802.csv and /home/km/Developments/Web/System SL/situational-awareness/backend/collectors/../data/cse/indices_latest.json
2025-12-08 09:38:02,629 INFO CSE collector finished
2025-12-08 09:43:07,405 INFO CSE collector started
2025-12-08 09:43:07,405 INFO Fetching summary from https://www.cse.lk/api/marketSummery
2025-12-08 09:43:08,210 INFO Saved dict as single-row DataFrame
2025-12-08 09:43:08,219 INFO Saved to /home/km/Developments/Web/System SL/situational-awareness/backend/collectors/../data/cse/summary_20251208_041308.csv and /home/km/Developments/Web/System SL/situational-awareness/backend/collectors/../data/cse/summary_latest.json
2025-12-08 09:43:08,221 INFO Fetching status from https://www.cse.lk/api/marketStatus
2025-12-08 09:43:09,565 INFO Saved dict as single-row DataFrame
2025-12-08 09:43:09,573 INFO Saved to /home/km/Developments/Web/System SL/situational-awareness/backend/collectors/../data/cse/status_20251208_041309.csv and /home/km/Developments/Web/System SL/situational-awareness/backend/collectors/../data/cse/status_latest.json
2025-12-08 09:43:09,576 INFO Fetching prices from https://www.cse.lk/api/todaySharePrice
2025-12-08 09:43:10,396 INFO Fetched list with 10 rows
2025-12-08 09:43:10,403 INFO Saved to /home/km/Developments/Web/System SL/situational-awareness/backend/collectors/../data/cse/prices_20251208_041310.csv and /home/km/Developments/Web/System SL/situational-awareness/backend/collectors/../data/cse/prices_latest.json
2025-12-08 09:43:10,406 INFO Fetching gainers from https://www.cse.lk/api/topGainers
2025-12-08 09:43:11,347 INFO Fetched list with 10 rows
2025-12-08 09:43:11,356 INFO Saved to /home/km/Developments/Web/System SL/situational-awareness/backend/collectors/../data/cse/gainers_20251208_041311.csv and /home/km/Developments/Web/System SL/situational-awareness/backend/collectors/../data/cse/gainers_latest.json
2025-12-08 09:43:11,361 INFO Fetching losers from https://www.cse.lk/api/topLooses
2025-12-08 09:43:12,249 INFO Fetched list with 10 rows
2025-12-08 09:43:12,256 INFO Saved to /home/km/Developments/Web/System SL/situational-awareness/backend/collectors/../data/cse/losers_20251208_041312.csv and /home/km/Developments/Web/System SL/situational-awareness/backend/collectors/../data/cse/losers_latest.json
2025-12-08 09:43:12,259 INFO Fetching indices from https://www.cse.lk/api/marketIndices
2025-12-08 09:43:13,127 INFO Fetched list with 1 rows
2025-12-08 09:43:13,136 INFO Saved to /home/km/Developments/Web/System SL/situational-awareness/backend/collectors/../data/cse/indices_20251208_041313.csv and /home/km/Developments/Web/System SL/situational-awareness/backend/collectors/../data/cse/indices_latest.json
2025-12-08 09:43:13,139 INFO CSE collector finished
2025-12-08 09:48:17,326 INFO CSE collector started
2025-12-08 09:48:17,326 INFO Fetching summary from https://www.cse.lk/api/marketSummery
2025-12-08 09:48:18,383 INFO Saved dict as single-row DataFrame
2025-12-08 09:48:18,395 INFO Saved to /home/km/Developments/Web/System SL/situational-awareness/backend/collectors/../data/cse/summary_20251208_041818.csv and /home/km/Developments/Web/System SL/situational-awareness/backend/collectors/../data/cse/summary_latest.json
2025-12-08 09:48:18,398 INFO Fetching status from https://www.cse.lk/api/marketStatus
2025-12-08 09:48:19,120 INFO Saved dict as single-row DataFrame
2025-12-08 09:48:19,122 INFO Saved to /home/km/Developments/Web/System SL/situational-awareness/backend/collectors/../data/cse/status_20251208_041819.csv and /home/km/Developments/Web/System SL/situational-awareness/backend/collectors/../data/cse/status_latest.json
2025-12-08 09:48:19,124 INFO Fetching prices from https://www.cse.lk/api/todaySharePrice
2025-12-08 09:48:19,921 INFO Fetched list with 10 rows
2025-12-08 09:48:19,926 INFO Saved to /home/km/Developments/Web/System SL/situational-awareness/backend/collectors/../data/cse/prices_20251208_041819.csv and /home/km/Developments/Web/System SL/situational-awareness/backend/collectors/../data/cse/prices_latest.json
2025-12-08 09:48:19,928 INFO Fetching gainers from https://www.cse.lk/api/topGainers
2025-12-08 09:48:20,638 INFO Fetched list with 10 rows
2025-12-08 09:48:20,646 INFO Saved to /home/km/Developments/Web/System SL/situational-awareness/backend/collectors/../data/cse/gainers_20251208_041820.csv and /home/km/Developments/Web/System SL/situational-awareness/backend/collectors/../data/cse/gainers_latest.json
2025-12-08 09:48:20,648 INFO Fetching losers from https://www.cse.lk/api/topLooses
2025-12-08 09:48:21,352 INFO Fetched list with 10 rows
2025-12-08 09:48:21,358 INFO Saved to /home/km/Developments/Web/System SL/situational-awareness/backend/collectors/../data/cse/losers_20251208_041821.csv and /home/km/Developments/Web/System SL/situational-awareness/backend/collectors/../data/cse/losers_latest.json
2025-12-08 09:48:21,361 INFO Fetching indices from https://www.cse.lk/api/marketIndices
2025-12-08 09:48:22,052 INFO Fetched list with 1 rows
2025-12-08 09:48:22,061 INFO Saved to /home/km/Developments/Web/System SL/situational-awareness/backend/collectors/../data/cse/indices_20251208_041822.csv and /home/km/Developments/Web/System SL/situational-awareness/backend/collectors/../data/cse/indices_latest.json
2025-12-08 09:48:22,065 INFO CSE collector finished
2025-12-08 09:53:27,113 INFO CSE collector started
2025-12-08 09:53:27,113 INFO Fetching summary from https://www.cse.lk/api/marketSummery
2025-12-08 09:53:27,939 INFO Saved dict as single-row DataFrame
2025-12-08 09:53:27,950 INFO Saved to /home/km/Developments/Web/System SL/situational-awareness/backend/collectors/../data/cse/summary_20251208_042327.csv and /home/km/Developments/Web/System SL/situational-awareness/backend/collectors/../data/cse/summary_latest.json
2025-12-08 09:53:27,953 INFO Fetching status from https://www.cse.lk/api/marketStatus
2025-12-08 09:53:28,652 INFO Saved dict as single-row DataFrame
2025-12-08 09:53:28,655 INFO Saved to /home/km/Developments/Web/System SL/situational-awareness/backend/collectors/../data/cse/status_20251208_042328.csv and /home/km/Developments/Web/System SL/situational-awareness/backend/collectors/../data/cse/status_latest.json
2025-12-08 09:53:28,657 INFO Fetching prices from https://www.cse.lk/api/todaySharePrice
2025-12-08 09:53:29,579 INFO Fetched list with 10 rows
2025-12-08 09:53:29,588 INFO Saved to /home/km/Developments/Web/System SL/situational-awareness/backend/collectors/../data/cse/prices_20251208_042329.csv and /home/km/Developments/Web/System SL/situational-awareness/backend/collectors/../data/cse/prices_latest.json
2025-12-08 09:53:29,591 INFO Fetching gainers from https://www.cse.lk/api/topGainers
2025-12-08 09:53:30,245 INFO Fetched list with 10 rows
2025-12-08 09:53:30,251 INFO Saved to /home/km/Developments/Web/System SL/situational-awareness/backend/collectors/../data/cse/gainers_20251208_042330.csv and /home/km/Developments/Web/System SL/situational-awareness/backend/collectors/../data/cse/gainers_latest.json
2025-12-08 09:53:30,255 INFO Fetching losers from https://www.cse.lk/api/topLooses
2025-12-08 09:53:31,239 INFO Fetched list with 10 rows
2025-12-08 09:53:31,242 INFO Saved to /home/km/Developments/Web/System SL/situational-awareness/backend/collectors/../data/cse/losers_20251208_042331.csv and /home/km/Developments/Web/System SL/situational-awareness/backend/collectors/../data/cse/losers_latest.json
2025-12-08 09:53:31,243 INFO Fetching indices from https://www.cse.lk/api/marketIndices
2025-12-08 09:53:32,139 INFO Fetched list with 1 rows
2025-12-08 09:53:32,146 INFO Saved to /home/km/Developments/Web/System SL/situational-awareness/backend/collectors/../data/cse/indices_20251208_042332.csv and /home/km/Developments/Web/System SL/situational-awareness/backend/collectors/../data/cse/indices_latest.json
2025-12-08 09:53:32,148 INFO CSE collector finished
2025-12-08 09:58:37,056 INFO CSE collector started
2025-12-08 09:58:37,056 INFO Fetching summary from https://www.cse.lk/api/marketSummery
2025-12-08 09:58:37,902 INFO Saved dict as single-row DataFrame
2025-12-08 09:58:37,907 INFO Saved to /home/km/Developments/Web/System SL/situational-awareness/backend/collectors/../data/cse/summary_20251208_042837.csv and /home/km/Developments/Web/System SL/situational-awareness/backend/collectors/../data/cse/summary_latest.json
2025-12-08 09:58:37,908 INFO Fetching status from https://www.cse.lk/api/marketStatus
2025-12-08 09:58:38,618 INFO Saved dict as single-row DataFrame
2025-12-08 09:58:38,621 INFO Saved to /home/km/Developments/Web/System SL/situational-awareness/backend/collectors/../data/cse/status_20251208_042838.csv and /home/km/Developments/Web/System SL/situational-awareness/backend/collectors/../data/cse/status_latest.json
2025-12-08 09:58:38,623 INFO Fetching prices from https://www.cse.lk/api/todaySharePrice
2025-12-08 09:58:39,374 INFO Fetched list with 10 rows
2025-12-08 09:58:39,379 INFO Saved to /home/km/Developments/Web/System SL/situational-awareness/backend/collectors/../data/cse/prices_20251208_042839.csv and /home/km/Developments/Web/System SL/situational-awareness/backend/collectors/../data/cse/prices_latest.json
2025-12-08 09:58:39,382 INFO Fetching gainers from https://www.cse.lk/api/topGainers
2025-12-08 09:58:40,052 INFO Fetched list with 10 rows
2025-12-08 09:58:40,054 INFO Saved to /home/km/Developments/Web/System SL/situational-awareness/backend/collectors/../data/cse/gainers_20251208_042840.csv and /home/km/Developments/Web/System SL/situational-awareness/backend/collectors/../data/cse/gainers_latest.json
2025-12-08 09:58:40,055 INFO Fetching losers from https://www.cse.lk/api/topLooses
2025-12-08 09:58:40,808 INFO Fetched list with 10 rows
2025-12-08 09:58:40,812 INFO Saved to /home/km/Developments/Web/System SL/situational-awareness/backend/collectors/../data/cse/losers_20251208_042840.csv and /home/km/Developments/Web/System SL/situational-awareness/backend/collectors/../data/cse/losers_latest.json
2025-12-08 09:58:40,813 INFO Fetching indices from https://www.cse.lk/api/marketIndices
2025-12-08 09:58:41,588 INFO Fetched list with 1 rows
2025-12-08 09:58:41,592 INFO Saved to /home/km/Developments/Web/System SL/situational-awareness/backend/collectors/../data/cse/indices_20251208_042841.csv and /home/km/Developments/Web/System SL/situational-awareness/backend/collectors/../data/cse/indices_latest.json
2025-12-08 09:58:41,593 INFO CSE collector finished
2025-12-08 10:04:02,655 INFO CSE collector started
2025-12-08 10:04:02,655 INFO Fetching summary from https://www.cse.lk/api/marketSummery
2025-12-08 10:04:11,126 INFO Saved dict as single-row DataFrame
2025-12-08 10:04:11,137 INFO Saved to /home/km/Developments/Web/System SL/situational-awareness/backend/collectors/../data/cse/summary_20251208_043411.csv and /home/km/Developments/Web/System SL/situational-awareness/backend/collectors/../data/cse/summary_latest.json
2025-12-08 10:04:11,140 INFO Fetching status from https://www.cse.lk/api/marketStatus
2025-12-08 10:04:23,054 WARNING Attempt 1 failed for https://www.cse.lk/api/marketStatus: HTTPSConnectionPool(host='www.cse.lk', port=443): Read timed out. (read timeout=10)
2025-12-08 10:04:31,393 INFO Saved dict as single-row DataFrame
2025-12-08 10:04:31,395 INFO Saved to /home/km/Developments/Web/System SL/situational-awareness/backend/collectors/../data/cse/status_20251208_043431.csv and /home/km/Developments/Web/System SL/situational-awareness/backend/collectors/../data/cse/status_latest.json
2025-12-08 10:04:31,395 INFO Fetching prices from https://www.cse.lk/api/todaySharePrice
2025-12-08 10:04:32,910 INFO Fetched list with 10 rows
2025-12-08 10:04:32,917 INFO Saved to /home/km/Developments/Web/System SL/situational-awareness/backend/collectors/../data/cse/prices_20251208_043432.csv and /home/km/Developments/Web/System SL/situational-awareness/backend/collectors/../data/cse/prices_latest.json
2025-12-08 10:04:32,920 INFO Fetching gainers from https://www.cse.lk/api/topGainers
2025-12-08 10:04:35,489 INFO Fetched list with 10 rows
2025-12-08 10:04:35,495 INFO Saved to /home/km/Developments/Web/System SL/situational-awareness/backend/collectors/../data/cse/gainers_20251208_043435.csv and /home/km/Developments/Web/System SL/situational-awareness/backend/collectors/../data/cse/gainers_latest.json
2025-12-08 10:04:35,498 INFO Fetching losers from https://www.cse.lk/api/topLooses
2025-12-08 10:04:46,051 INFO Fetched list with 10 rows
2025-12-08 10:04:46,057 INFO Saved to /home/km/Developments/Web/System SL/situational-awareness/backend/collectors/../data/cse/losers_20251208_043446.csv and /home/km/Developments/Web/System SL/situational-awareness/backend/collectors/../data/cse/losers_latest.json
2025-12-08 10:04:46,060 INFO Fetching indices from https://www.cse.lk/api/marketIndices
2025-12-08 10:04:58,534 INFO Fetched list with 1 rows
2025-12-08 10:04:58,542 INFO Saved to /home/km/Developments/Web/System SL/situational-awareness/backend/collectors/../data/cse/indices_20251208_043458.csv and /home/km/Developments/Web/System SL/situational-awareness/backend/collectors/../data/cse/indices_latest.json
2025-12-08 10:04:58,544 INFO CSE collector finished
